[2018-07-01 20:25:29] [main] ERROR backtype.storm.LocalClusterMap [120]-> [] Fail to delete C:\Users\xiao\AppData\Local\Temp\\0d3990b9-84b8-42ac-8ead-0861b17e225b
[2018-07-01 20:29:41] [EventManagerImp] ERROR c.a.j.d.supervisor.SyncSupervisorEvent [486]-> [] java.io.IOException: Unable to delete file: C:\Users\xiao\AppData\Local\Temp\f343932a-da37-44ad-8485-b086109318eb\supervisor\tmp\03ac3ce9-c743-47c7-99e2-c0dc133abfb7\stormconf.ser downloadStormCode failed topologyId:WordCountTopology-1-1530448180 masterCodeDir:C:\Users\xiao\AppData\Local\Temp\\be540980-ca50-4c22-971a-0c267cc2bcd6
[2018-07-01 20:30:01] [__topology_master:2-BoltExecutors] ERROR c.a.jstorm.task.master.TopologyMaster [155]-> [] No handler of __master_task_heartbeat
[2018-07-01 20:30:01] [__topology_master:2-BoltExecutors] ERROR c.a.jstorm.task.master.TopologyMaster [155]-> [] No handler of __master_task_heartbeat
[2018-07-01 20:30:01] [__topology_master:2-BoltExecutors] ERROR c.a.jstorm.task.master.TopologyMaster [155]-> [] No handler of __master_task_heartbeat
[2018-07-01 20:30:01] [__topology_master:2-BoltExecutors] ERROR c.a.jstorm.task.master.TopologyMaster [155]-> [] No handler of __master_task_heartbeat
[2018-07-01 20:30:01] [__topology_master:2-BoltExecutors] ERROR c.a.jstorm.task.master.TopologyMaster [155]-> [] No handler of __master_task_heartbeat
[2018-07-01 20:30:01] [__topology_master:2-BoltExecutors] ERROR c.a.jstorm.task.master.TopologyMaster [155]-> [] No handler of __master_task_heartbeat
[2018-07-01 20:30:01] [__topology_master:2-BoltExecutors] ERROR c.a.jstorm.task.master.TopologyMaster [155]-> [] No handler of __master_task_heartbeat
[2018-07-01 20:30:01] [__topology_master:2-BoltExecutors] ERROR c.a.jstorm.task.master.TopologyMaster [155]-> [] No handler of __master_task_heartbeat
[2018-07-01 20:30:01] [__topology_master:2-BoltExecutors] ERROR c.a.jstorm.task.master.TopologyMaster [155]-> [] No handler of __master_task_heartbeat
[2018-07-01 20:30:01] [__topology_master:2-BoltExecutors] ERROR c.a.jstorm.task.master.TopologyMaster [155]-> [] No handler of __master_task_heartbeat
[2018-07-01 20:30:07] [__topology_master:2-TransferRunnable-0] ERROR backtype.storm.utils.DisruptorQueueImpl [247]-> [] InterruptedException null
[2018-07-01 20:30:09] [__acker:4-TransferRunnable-0] ERROR backtype.storm.utils.DisruptorQueueImpl [247]-> [] InterruptedException null
[2018-07-01 20:30:09] [word-normalizer:3-TransferRunnable-0] ERROR backtype.storm.utils.DisruptorQueueImpl [247]-> [] InterruptedException null
[2018-07-01 20:30:10] [word-reader:5-AckerRunnable] ERROR backtype.storm.utils.DisruptorQueueImpl [247]-> [] InterruptedException null
[2018-07-01 20:30:25] [word-counter:1-TransferRunnable-0] ERROR backtype.storm.utils.DisruptorQueueImpl [247]-> [] InterruptedException null
[2018-07-01 20:30:27] [word-reader:5-TransferRunnable-0] ERROR backtype.storm.utils.DisruptorQueueImpl [247]-> [] InterruptedException null
[2018-07-01 20:30:34] [RefreshConnections] ERROR c.a.j.daemon.worker.RefreshConnections [297]-> [] Failed to refresh worker Connection
shade.storm.org.apache.zookeeper.KeeperException$ConnectionLossException: KeeperErrorCode = ConnectionLoss for /assignments/WordCountTopology-1-1530448180
	at shade.storm.org.apache.zookeeper.KeeperException.create(KeeperException.java:99) ~[jstorm-core-2.2.1.jar:na]
	at shade.storm.org.apache.zookeeper.KeeperException.create(KeeperException.java:51) ~[jstorm-core-2.2.1.jar:na]
	at shade.storm.org.apache.zookeeper.ZooKeeper.exists(ZooKeeper.java:1045) ~[jstorm-core-2.2.1.jar:na]
	at shade.storm.org.apache.zookeeper.ZooKeeper.exists(ZooKeeper.java:1073) ~[jstorm-core-2.2.1.jar:na]
	at shade.storm.org.apache.curator.framework.imps.ExistsBuilderImpl$2.call(ExistsBuilderImpl.java:168) ~[jstorm-core-2.2.1.jar:na]
	at shade.storm.org.apache.curator.framework.imps.ExistsBuilderImpl$2.call(ExistsBuilderImpl.java:161) ~[jstorm-core-2.2.1.jar:na]
	at shade.storm.org.apache.curator.RetryLoop.callWithRetry(RetryLoop.java:107) ~[jstorm-core-2.2.1.jar:na]
	at shade.storm.org.apache.curator.framework.imps.ExistsBuilderImpl.pathInForeground(ExistsBuilderImpl.java:157) ~[jstorm-core-2.2.1.jar:na]
	at shade.storm.org.apache.curator.framework.imps.ExistsBuilderImpl.forPath(ExistsBuilderImpl.java:148) ~[jstorm-core-2.2.1.jar:na]
	at shade.storm.org.apache.curator.framework.imps.ExistsBuilderImpl.forPath(ExistsBuilderImpl.java:36) ~[jstorm-core-2.2.1.jar:na]
	at com.alibaba.jstorm.zk.Zookeeper.existsNode(Zookeeper.java:108) ~[jstorm-core-2.2.1.jar:na]
	at com.alibaba.jstorm.zk.Zookeeper.getVersion(Zookeeper.java:148) ~[jstorm-core-2.2.1.jar:na]
	at com.alibaba.jstorm.cluster.DistributedClusterState.get_version(DistributedClusterState.java:160) ~[jstorm-core-2.2.1.jar:na]
	at com.alibaba.jstorm.cluster.StormZkClusterState.assignment_version(StormZkClusterState.java:254) ~[jstorm-core-2.2.1.jar:na]
	at com.alibaba.jstorm.daemon.worker.RefreshConnections.run(RefreshConnections.java:120) ~[jstorm-core-2.2.1.jar:na]
	at com.alibaba.jstorm.callback.AsyncLoopRunnable.run(AsyncLoopRunnable.java:95) [jstorm-core-2.2.1.jar:na]
	at java.lang.Thread.run(Thread.java:745) [na:1.8.0_111]
[2018-07-01 20:30:34] [RefreshActive] ERROR com.alibaba.jstorm.zk.Zookeeper [171]-> [] zookeeper getdata for path/topology/WordCountTopology-1-1530448180
shade.storm.org.apache.zookeeper.KeeperException$ConnectionLossException: KeeperErrorCode = ConnectionLoss for /topology/WordCountTopology-1-1530448180
	at shade.storm.org.apache.zookeeper.KeeperException.create(KeeperException.java:99) ~[jstorm-core-2.2.1.jar:na]
	at shade.storm.org.apache.zookeeper.KeeperException.create(KeeperException.java:51) ~[jstorm-core-2.2.1.jar:na]
	at shade.storm.org.apache.zookeeper.ZooKeeper.exists(ZooKeeper.java:1045) ~[jstorm-core-2.2.1.jar:na]
	at shade.storm.org.apache.zookeeper.ZooKeeper.exists(ZooKeeper.java:1073) ~[jstorm-core-2.2.1.jar:na]
	at shade.storm.org.apache.curator.framework.imps.ExistsBuilderImpl$2.call(ExistsBuilderImpl.java:168) ~[jstorm-core-2.2.1.jar:na]
	at shade.storm.org.apache.curator.framework.imps.ExistsBuilderImpl$2.call(ExistsBuilderImpl.java:161) ~[jstorm-core-2.2.1.jar:na]
	at shade.storm.org.apache.curator.RetryLoop.callWithRetry(RetryLoop.java:107) ~[jstorm-core-2.2.1.jar:na]
	at shade.storm.org.apache.curator.framework.imps.ExistsBuilderImpl.pathInForeground(ExistsBuilderImpl.java:157) ~[jstorm-core-2.2.1.jar:na]
	at shade.storm.org.apache.curator.framework.imps.ExistsBuilderImpl.forPath(ExistsBuilderImpl.java:148) ~[jstorm-core-2.2.1.jar:na]
	at shade.storm.org.apache.curator.framework.imps.ExistsBuilderImpl.forPath(ExistsBuilderImpl.java:36) ~[jstorm-core-2.2.1.jar:na]
	at com.alibaba.jstorm.zk.Zookeeper.existsNode(Zookeeper.java:108) ~[jstorm-core-2.2.1.jar:na]
	at com.alibaba.jstorm.zk.Zookeeper.getData(Zookeeper.java:163) ~[jstorm-core-2.2.1.jar:na]
	at com.alibaba.jstorm.cluster.DistributedClusterState.get_data(DistributedClusterState.java:143) [jstorm-core-2.2.1.jar:na]
	at com.alibaba.jstorm.cluster.StormZkClusterState.getObject(StormZkClusterState.java:156) [jstorm-core-2.2.1.jar:na]
	at com.alibaba.jstorm.cluster.StormZkClusterState.storm_base(StormZkClusterState.java:289) [jstorm-core-2.2.1.jar:na]
	at com.alibaba.jstorm.daemon.worker.RefreshActive.run(RefreshActive.java:75) [jstorm-core-2.2.1.jar:na]
	at com.alibaba.jstorm.callback.AsyncLoopRunnable.run(AsyncLoopRunnable.java:95) [jstorm-core-2.2.1.jar:na]
	at java.lang.Thread.run(Thread.java:745) [na:1.8.0_111]
[2018-07-01 20:30:37] [main] ERROR backtype.storm.LocalClusterMap [120]-> [] Fail to delete C:\Users\xiao\AppData\Local\Temp\\4962164c-c2b9-4e40-88ca-bffb446c047f
[2018-07-01 20:58:44] [EventManagerImp] ERROR c.a.j.d.supervisor.SyncSupervisorEvent [486]-> [] java.io.IOException: Unable to delete file: C:\Users\xiao\AppData\Local\Temp\b2b3ccce-7a1d-45e4-bfd5-5f69b0226d9e\supervisor\tmp\5b274215-7e13-4559-ab25-7d9d99e05292\stormconf.ser downloadStormCode failed topologyId:WordCountTopology-1-1530449923 masterCodeDir:C:\Users\xiao\AppData\Local\Temp\\6edb78e2-da1f-462d-a28b-4b846cd1ce7b
[2018-07-01 20:59:24] [__topology_master:2-BoltExecutors] ERROR c.a.jstorm.task.master.TopologyMaster [155]-> [] No handler of __master_task_heartbeat
[2018-07-01 20:59:24] [__topology_master:2-BoltExecutors] ERROR c.a.jstorm.task.master.TopologyMaster [155]-> [] No handler of __master_task_heartbeat
[2018-07-01 20:59:24] [__topology_master:2-BoltExecutors] ERROR c.a.jstorm.task.master.TopologyMaster [155]-> [] No handler of __master_task_heartbeat
[2018-07-01 20:59:24] [__topology_master:2-BoltExecutors] ERROR c.a.jstorm.task.master.TopologyMaster [155]-> [] No handler of __master_task_heartbeat
[2018-07-01 20:59:24] [__topology_master:2-BoltExecutors] ERROR c.a.jstorm.task.master.TopologyMaster [155]-> [] No handler of __master_task_heartbeat
[2018-07-01 20:59:24] [__topology_master:2-BoltExecutors] ERROR c.a.jstorm.task.master.TopologyMaster [155]-> [] No handler of __master_reg_metrics
[2018-07-01 20:59:24] [__topology_master:2-BoltExecutors] ERROR c.a.jstorm.task.master.TopologyMaster [155]-> [] No handler of __master_task_heartbeat
[2018-07-01 20:59:24] [__topology_master:2-BoltExecutors] ERROR c.a.jstorm.task.master.TopologyMaster [155]-> [] No handler of __master_task_heartbeat
[2018-07-01 20:59:24] [__topology_master:2-BoltExecutors] ERROR c.a.jstorm.task.master.TopologyMaster [155]-> [] No handler of __master_task_heartbeat
[2018-07-01 20:59:24] [__topology_master:2-BoltExecutors] ERROR c.a.jstorm.task.master.TopologyMaster [155]-> [] No handler of __master_task_heartbeat
[2018-07-01 20:59:24] [__topology_master:2-BoltExecutors] ERROR c.a.jstorm.task.master.TopologyMaster [155]-> [] No handler of __master_task_heartbeat
[2018-07-01 20:59:31] [word-reader:5-AckerRunnable] ERROR backtype.storm.utils.DisruptorQueueImpl [247]-> [] InterruptedException null
[2018-07-01 21:00:22] [SyncThread:0] ERROR s.s.o.a.zookeeper.server.NIOServerCnxn [178]-> [] Unexpected Exception: 
java.nio.channels.CancelledKeyException: null
	at sun.nio.ch.SelectionKeyImpl.ensureValid(SelectionKeyImpl.java:73) ~[na:1.8.0_111]
	at sun.nio.ch.SelectionKeyImpl.interestOps(SelectionKeyImpl.java:77) ~[na:1.8.0_111]
	at shade.storm.org.apache.zookeeper.server.NIOServerCnxn.sendBuffer(NIOServerCnxn.java:151) [jstorm-core-2.2.1.jar:na]
	at shade.storm.org.apache.zookeeper.server.NIOServerCnxn.sendResponse(NIOServerCnxn.java:1081) [jstorm-core-2.2.1.jar:na]
	at shade.storm.org.apache.zookeeper.server.FinalRequestProcessor.processRequest(FinalRequestProcessor.java:170) [jstorm-core-2.2.1.jar:na]
	at shade.storm.org.apache.zookeeper.server.SyncRequestProcessor.run(SyncRequestProcessor.java:169) [jstorm-core-2.2.1.jar:na]
[2018-07-01 21:00:22] [SyncThread:0] ERROR s.s.o.a.zookeeper.server.NIOServerCnxn [178]-> [] Unexpected Exception: 
java.nio.channels.CancelledKeyException: null
	at sun.nio.ch.SelectionKeyImpl.ensureValid(SelectionKeyImpl.java:73) ~[na:1.8.0_111]
	at sun.nio.ch.SelectionKeyImpl.interestOps(SelectionKeyImpl.java:77) ~[na:1.8.0_111]
	at shade.storm.org.apache.zookeeper.server.NIOServerCnxn.sendBuffer(NIOServerCnxn.java:151) [jstorm-core-2.2.1.jar:na]
	at shade.storm.org.apache.zookeeper.server.NIOServerCnxn.sendResponse(NIOServerCnxn.java:1081) [jstorm-core-2.2.1.jar:na]
	at shade.storm.org.apache.zookeeper.server.FinalRequestProcessor.processRequest(FinalRequestProcessor.java:170) [jstorm-core-2.2.1.jar:na]
	at shade.storm.org.apache.zookeeper.server.SyncRequestProcessor.run(SyncRequestProcessor.java:169) [jstorm-core-2.2.1.jar:na]
[2018-07-01 21:00:22] [SyncThread:0] ERROR s.s.o.a.zookeeper.server.NIOServerCnxn [178]-> [] Unexpected Exception: 
java.nio.channels.CancelledKeyException: null
	at sun.nio.ch.SelectionKeyImpl.ensureValid(SelectionKeyImpl.java:73) ~[na:1.8.0_111]
	at sun.nio.ch.SelectionKeyImpl.interestOps(SelectionKeyImpl.java:77) ~[na:1.8.0_111]
	at shade.storm.org.apache.zookeeper.server.NIOServerCnxn.sendBuffer(NIOServerCnxn.java:151) [jstorm-core-2.2.1.jar:na]
	at shade.storm.org.apache.zookeeper.server.NIOServerCnxn.sendResponse(NIOServerCnxn.java:1081) [jstorm-core-2.2.1.jar:na]
	at shade.storm.org.apache.zookeeper.server.FinalRequestProcessor.processRequest(FinalRequestProcessor.java:170) [jstorm-core-2.2.1.jar:na]
	at shade.storm.org.apache.zookeeper.server.SyncRequestProcessor.run(SyncRequestProcessor.java:169) [jstorm-core-2.2.1.jar:na]
[2018-07-01 21:00:22] [SyncThread:0] ERROR s.s.o.a.zookeeper.server.NIOServerCnxn [178]-> [] Unexpected Exception: 
java.nio.channels.CancelledKeyException: null
	at sun.nio.ch.SelectionKeyImpl.ensureValid(SelectionKeyImpl.java:73) ~[na:1.8.0_111]
	at sun.nio.ch.SelectionKeyImpl.interestOps(SelectionKeyImpl.java:77) ~[na:1.8.0_111]
	at shade.storm.org.apache.zookeeper.server.NIOServerCnxn.sendBuffer(NIOServerCnxn.java:151) [jstorm-core-2.2.1.jar:na]
	at shade.storm.org.apache.zookeeper.server.NIOServerCnxn.sendResponse(NIOServerCnxn.java:1081) [jstorm-core-2.2.1.jar:na]
	at shade.storm.org.apache.zookeeper.server.FinalRequestProcessor.processRequest(FinalRequestProcessor.java:170) [jstorm-core-2.2.1.jar:na]
	at shade.storm.org.apache.zookeeper.server.SyncRequestProcessor.run(SyncRequestProcessor.java:169) [jstorm-core-2.2.1.jar:na]
[2018-07-01 21:00:22] [SyncThread:0] ERROR s.s.o.a.zookeeper.server.NIOServerCnxn [178]-> [] Unexpected Exception: 
java.nio.channels.CancelledKeyException: null
	at sun.nio.ch.SelectionKeyImpl.ensureValid(SelectionKeyImpl.java:73) ~[na:1.8.0_111]
	at sun.nio.ch.SelectionKeyImpl.interestOps(SelectionKeyImpl.java:77) ~[na:1.8.0_111]
	at shade.storm.org.apache.zookeeper.server.NIOServerCnxn.sendBuffer(NIOServerCnxn.java:151) [jstorm-core-2.2.1.jar:na]
	at shade.storm.org.apache.zookeeper.server.NIOServerCnxn.sendResponse(NIOServerCnxn.java:1081) [jstorm-core-2.2.1.jar:na]
	at shade.storm.org.apache.zookeeper.server.FinalRequestProcessor.processRequest(FinalRequestProcessor.java:404) [jstorm-core-2.2.1.jar:na]
	at shade.storm.org.apache.zookeeper.server.SyncRequestProcessor.run(SyncRequestProcessor.java:169) [jstorm-core-2.2.1.jar:na]
[2018-07-01 21:00:22] [SyncThread:0] ERROR s.s.o.a.zookeeper.server.NIOServerCnxn [178]-> [] Unexpected Exception: 
java.nio.channels.CancelledKeyException: null
	at sun.nio.ch.SelectionKeyImpl.ensureValid(SelectionKeyImpl.java:73) ~[na:1.8.0_111]
	at sun.nio.ch.SelectionKeyImpl.interestOps(SelectionKeyImpl.java:77) ~[na:1.8.0_111]
	at shade.storm.org.apache.zookeeper.server.NIOServerCnxn.sendBuffer(NIOServerCnxn.java:151) [jstorm-core-2.2.1.jar:na]
	at shade.storm.org.apache.zookeeper.server.NIOServerCnxn.sendResponse(NIOServerCnxn.java:1081) [jstorm-core-2.2.1.jar:na]
	at shade.storm.org.apache.zookeeper.server.FinalRequestProcessor.processRequest(FinalRequestProcessor.java:404) [jstorm-core-2.2.1.jar:na]
	at shade.storm.org.apache.zookeeper.server.SyncRequestProcessor.run(SyncRequestProcessor.java:169) [jstorm-core-2.2.1.jar:na]
[2018-07-01 21:00:26] [word-reader:5-TransferRunnable-0] ERROR backtype.storm.utils.DisruptorQueueImpl [247]-> [] InterruptedException null
[2018-07-01 20:59:50] [word-counter:1-TransferRunnable-0] ERROR backtype.storm.utils.DisruptorQueueImpl [247]-> [] InterruptedException null
[2018-07-01 20:59:43] [word-normalizer:3-TransferRunnable-0] ERROR backtype.storm.utils.DisruptorQueueImpl [247]-> [] InterruptedException null
[2018-07-01 20:59:37] [__acker:4-TransferRunnable-0] ERROR backtype.storm.utils.DisruptorQueueImpl [247]-> [] InterruptedException null
[2018-07-01 21:00:41] [__topology_master:2-TransferRunnable-0] ERROR backtype.storm.utils.DisruptorQueueImpl [247]-> [] InterruptedException null
[2018-07-01 21:01:29] [RefreshConnections] ERROR c.a.j.daemon.worker.RefreshConnections [297]-> [] Failed to refresh worker Connection
shade.storm.org.apache.zookeeper.KeeperException$SessionExpiredException: KeeperErrorCode = Session expired for /assignments/WordCountTopology-1-1530449923
	at shade.storm.org.apache.zookeeper.KeeperException.create(KeeperException.java:127) ~[jstorm-core-2.2.1.jar:na]
	at shade.storm.org.apache.zookeeper.KeeperException.create(KeeperException.java:51) ~[jstorm-core-2.2.1.jar:na]
	at shade.storm.org.apache.zookeeper.ZooKeeper.exists(ZooKeeper.java:1045) ~[jstorm-core-2.2.1.jar:na]
	at shade.storm.org.apache.zookeeper.ZooKeeper.exists(ZooKeeper.java:1073) ~[jstorm-core-2.2.1.jar:na]
	at shade.storm.org.apache.curator.framework.imps.ExistsBuilderImpl$2.call(ExistsBuilderImpl.java:168) ~[jstorm-core-2.2.1.jar:na]
	at shade.storm.org.apache.curator.framework.imps.ExistsBuilderImpl$2.call(ExistsBuilderImpl.java:161) ~[jstorm-core-2.2.1.jar:na]
	at shade.storm.org.apache.curator.RetryLoop.callWithRetry(RetryLoop.java:107) ~[jstorm-core-2.2.1.jar:na]
	at shade.storm.org.apache.curator.framework.imps.ExistsBuilderImpl.pathInForeground(ExistsBuilderImpl.java:157) ~[jstorm-core-2.2.1.jar:na]
	at shade.storm.org.apache.curator.framework.imps.ExistsBuilderImpl.forPath(ExistsBuilderImpl.java:148) ~[jstorm-core-2.2.1.jar:na]
	at shade.storm.org.apache.curator.framework.imps.ExistsBuilderImpl.forPath(ExistsBuilderImpl.java:36) ~[jstorm-core-2.2.1.jar:na]
	at com.alibaba.jstorm.zk.Zookeeper.existsNode(Zookeeper.java:108) ~[jstorm-core-2.2.1.jar:na]
	at com.alibaba.jstorm.zk.Zookeeper.getVersion(Zookeeper.java:148) ~[jstorm-core-2.2.1.jar:na]
	at com.alibaba.jstorm.cluster.DistributedClusterState.get_version(DistributedClusterState.java:160) ~[jstorm-core-2.2.1.jar:na]
	at com.alibaba.jstorm.cluster.StormZkClusterState.assignment_version(StormZkClusterState.java:254) ~[jstorm-core-2.2.1.jar:na]
	at com.alibaba.jstorm.daemon.worker.RefreshConnections.run(RefreshConnections.java:120) ~[jstorm-core-2.2.1.jar:na]
	at com.alibaba.jstorm.callback.AsyncLoopRunnable.run(AsyncLoopRunnable.java:95) [jstorm-core-2.2.1.jar:na]
	at java.lang.Thread.run(Thread.java:745) [na:1.8.0_111]
[2018-07-01 21:01:29] [RefreshActive] ERROR com.alibaba.jstorm.zk.Zookeeper [171]-> [] zookeeper getdata for path/topology/WordCountTopology-1-1530449923
shade.storm.org.apache.zookeeper.KeeperException$SessionExpiredException: KeeperErrorCode = Session expired for /topology/WordCountTopology-1-1530449923
	at shade.storm.org.apache.zookeeper.KeeperException.create(KeeperException.java:127) ~[jstorm-core-2.2.1.jar:na]
	at shade.storm.org.apache.zookeeper.KeeperException.create(KeeperException.java:51) ~[jstorm-core-2.2.1.jar:na]
	at shade.storm.org.apache.zookeeper.ZooKeeper.exists(ZooKeeper.java:1045) ~[jstorm-core-2.2.1.jar:na]
	at shade.storm.org.apache.zookeeper.ZooKeeper.exists(ZooKeeper.java:1073) ~[jstorm-core-2.2.1.jar:na]
	at shade.storm.org.apache.curator.framework.imps.ExistsBuilderImpl$2.call(ExistsBuilderImpl.java:168) ~[jstorm-core-2.2.1.jar:na]
	at shade.storm.org.apache.curator.framework.imps.ExistsBuilderImpl$2.call(ExistsBuilderImpl.java:161) ~[jstorm-core-2.2.1.jar:na]
	at shade.storm.org.apache.curator.RetryLoop.callWithRetry(RetryLoop.java:107) ~[jstorm-core-2.2.1.jar:na]
	at shade.storm.org.apache.curator.framework.imps.ExistsBuilderImpl.pathInForeground(ExistsBuilderImpl.java:157) ~[jstorm-core-2.2.1.jar:na]
	at shade.storm.org.apache.curator.framework.imps.ExistsBuilderImpl.forPath(ExistsBuilderImpl.java:148) ~[jstorm-core-2.2.1.jar:na]
	at shade.storm.org.apache.curator.framework.imps.ExistsBuilderImpl.forPath(ExistsBuilderImpl.java:36) ~[jstorm-core-2.2.1.jar:na]
	at com.alibaba.jstorm.zk.Zookeeper.existsNode(Zookeeper.java:108) ~[jstorm-core-2.2.1.jar:na]
	at com.alibaba.jstorm.zk.Zookeeper.getData(Zookeeper.java:163) ~[jstorm-core-2.2.1.jar:na]
	at com.alibaba.jstorm.cluster.DistributedClusterState.get_data(DistributedClusterState.java:143) [jstorm-core-2.2.1.jar:na]
	at com.alibaba.jstorm.cluster.StormZkClusterState.getObject(StormZkClusterState.java:156) [jstorm-core-2.2.1.jar:na]
	at com.alibaba.jstorm.cluster.StormZkClusterState.storm_base(StormZkClusterState.java:289) [jstorm-core-2.2.1.jar:na]
	at com.alibaba.jstorm.daemon.worker.RefreshActive.run(RefreshActive.java:75) [jstorm-core-2.2.1.jar:na]
	at com.alibaba.jstorm.callback.AsyncLoopRunnable.run(AsyncLoopRunnable.java:95) [jstorm-core-2.2.1.jar:na]
	at java.lang.Thread.run(Thread.java:745) [na:1.8.0_111]
[2018-07-01 21:01:33] [main] ERROR backtype.storm.LocalClusterMap [120]-> [] Fail to delete C:\Users\xiao\AppData\Local\Temp\\0eb8b345-164a-450f-949f-f3e387908110
[2018-07-01 21:04:08] [main] ERROR backtype.storm.LocalClusterMap [120]-> [] Fail to delete C:\Users\xiao\AppData\Local\Temp\\31ea94ba-72c3-444f-b31d-fc257b91c42a
