[2018-07-01 20:24:45] [NIOServerCxn.Factory:0.0.0.0/0.0.0.0:2000] WARN  o.apache.zookeeper.server.NIOServerCnxn [357]-> [] caught end of stream exception
org.apache.zookeeper.server.ServerCnxn$EndOfStreamException: Unable to read additional data from client sessionid 0x16455cd485c0002, likely client has closed socket
	at org.apache.zookeeper.server.NIOServerCnxn.doIO(NIOServerCnxn.java:228) ~[zookeeper-3.4.6.jar:3.4.6-1569965]
	at org.apache.zookeeper.server.NIOServerCnxnFactory.run(NIOServerCnxnFactory.java:208) [zookeeper-3.4.6.jar:3.4.6-1569965]
	at java.lang.Thread.run(Thread.java:745) [na:1.8.0_111]
[2018-07-01 20:25:06] [server-boss-1] WARN  c.a.jstorm.metric.AsmMetricRegistry [61]-> [] duplicate metric: WH@WordCountTopology-1-1530447904@192.168.79.1@6900@sys@MsgDecodeTime
[2018-07-01 20:25:16] [pool-15-thread-2] WARN  c.a.jstorm.metric.AsmMetricRegistry [61]-> [] duplicate metric: TC@WordCountTopology-1-1530447904@word-reader@4@@sys@Emitted
[2018-07-01 20:25:16] [pool-15-thread-2] WARN  c.a.jstorm.metric.AsmMetricRegistry [61]-> [] duplicate metric: CC@WordCountTopology-1-1530447904@word-reader@0@@sys@Emitted
[2018-07-01 20:25:16] [pool-15-thread-2] WARN  c.a.jstorm.metric.AsmMetricRegistry [61]-> [] duplicate metric: PC@WordCountTopology-1-1530447904@@0@sys@Emitted
[2018-07-01 20:25:16] [pool-15-thread-2] WARN  c.a.jstorm.metric.AsmMetricRegistry [61]-> [] duplicate metric: TM@WordCountTopology-1-1530447904@word-reader@4@@sys@SendTps
[2018-07-01 20:25:16] [pool-15-thread-2] WARN  c.a.jstorm.metric.AsmMetricRegistry [61]-> [] duplicate metric: CM@WordCountTopology-1-1530447904@word-reader@0@@sys@SendTps
[2018-07-01 20:25:16] [pool-15-thread-2] WARN  c.a.jstorm.metric.AsmMetricRegistry [61]-> [] duplicate metric: PM@WordCountTopology-1-1530447904@@0@sys@SendTps
[2018-07-01 20:25:16] [__acker:3-BoltExecutors] WARN  c.a.jstorm.metric.AsmMetricRegistry [61]-> [] duplicate metric: PM@WordCountTopology-1-1530447904@@0@sys@RecvTps
[2018-07-01 20:25:16] [word-normalizer:2-BoltExecutors] WARN  c.a.jstorm.metric.AsmMetricRegistry [61]-> [] duplicate metric: PC@WordCountTopology-1-1530447904@@0@sys@Emitted
[2018-07-01 20:25:16] [word-normalizer:2-BoltExecutors] WARN  c.a.jstorm.metric.AsmMetricRegistry [61]-> [] duplicate metric: PM@WordCountTopology-1-1530447904@@0@sys@SendTps
[2018-07-01 20:25:16] [word-normalizer:2-BoltExecutors] WARN  c.a.jstorm.metric.AsmMetricRegistry [61]-> [] duplicate metric: PC@WordCountTopology-1-1530447904@@0@sys@Acked
[2018-07-01 20:25:16] [word-counter:1-BoltExecutors] WARN  c.a.jstorm.metric.AsmMetricRegistry [61]-> [] duplicate metric: PM@WordCountTopology-1-1530447904@@0@sys@RecvTps
[2018-07-01 20:25:16] [word-counter:1-BoltExecutors] WARN  c.a.jstorm.metric.AsmMetricRegistry [61]-> [] duplicate metric: PC@WordCountTopology-1-1530447904@@0@sys@Acked
[2018-07-01 20:25:16] [pool-15-thread-3] WARN  c.a.jstorm.metric.AsmMetricRegistry [61]-> [] duplicate metric: SC@WordCountTopology-1-1530447904@word-counter@1@__ack_ack@sys@Emitted
[2018-07-01 20:25:16] [pool-15-thread-2] WARN  c.a.jstorm.metric.AsmMetricRegistry [61]-> [] duplicate metric: TC@WordCountTopology-1-1530447904@word-normalizer@2@@sys@Emitted
[2018-07-01 20:25:16] [pool-15-thread-2] WARN  c.a.jstorm.metric.AsmMetricRegistry [61]-> [] duplicate metric: CC@WordCountTopology-1-1530447904@word-normalizer@0@@sys@Emitted
[2018-07-01 20:25:16] [pool-15-thread-3] WARN  c.a.jstorm.metric.AsmMetricRegistry [61]-> [] duplicate metric: TC@WordCountTopology-1-1530447904@word-counter@1@@sys@Emitted
[2018-07-01 20:25:16] [pool-15-thread-2] WARN  c.a.jstorm.metric.AsmMetricRegistry [61]-> [] duplicate metric: PC@WordCountTopology-1-1530447904@@0@sys@Emitted
[2018-07-01 20:25:16] [pool-15-thread-3] WARN  c.a.jstorm.metric.AsmMetricRegistry [61]-> [] duplicate metric: CC@WordCountTopology-1-1530447904@word-counter@0@@sys@Emitted
[2018-07-01 20:25:16] [word-counter:1-BoltExecutors] WARN  c.a.jstorm.metric.AsmMetricRegistry [61]-> [] duplicate metric: PC@WordCountTopology-1-1530447904@@0@sys@Emitted
[2018-07-01 20:25:16] [pool-15-thread-2] WARN  c.a.jstorm.metric.AsmMetricRegistry [61]-> [] duplicate metric: TM@WordCountTopology-1-1530447904@word-normalizer@2@@sys@SendTps
[2018-07-01 20:25:16] [pool-15-thread-3] WARN  c.a.jstorm.metric.AsmMetricRegistry [61]-> [] duplicate metric: PC@WordCountTopology-1-1530447904@@0@sys@Emitted
[2018-07-01 20:25:16] [pool-15-thread-2] WARN  c.a.jstorm.metric.AsmMetricRegistry [61]-> [] duplicate metric: CM@WordCountTopology-1-1530447904@word-normalizer@0@@sys@SendTps
[2018-07-01 20:25:16] [pool-15-thread-2] WARN  c.a.jstorm.metric.AsmMetricRegistry [61]-> [] duplicate metric: PM@WordCountTopology-1-1530447904@@0@sys@SendTps
[2018-07-01 20:25:16] [word-counter:1-BoltExecutors] WARN  c.a.jstorm.metric.AsmMetricRegistry [61]-> [] duplicate metric: PM@WordCountTopology-1-1530447904@@0@sys@SendTps
[2018-07-01 20:25:16] [pool-15-thread-3] WARN  c.a.jstorm.metric.AsmMetricRegistry [61]-> [] duplicate metric: SM@WordCountTopology-1-1530447904@word-counter@1@__ack_ack@sys@SendTps
[2018-07-01 20:25:16] [pool-15-thread-3] WARN  c.a.jstorm.metric.AsmMetricRegistry [61]-> [] duplicate metric: TM@WordCountTopology-1-1530447904@word-counter@1@@sys@SendTps
[2018-07-01 20:25:16] [pool-15-thread-3] WARN  c.a.jstorm.metric.AsmMetricRegistry [61]-> [] duplicate metric: CM@WordCountTopology-1-1530447904@word-counter@0@@sys@SendTps
[2018-07-01 20:25:16] [pool-15-thread-3] WARN  c.a.jstorm.metric.AsmMetricRegistry [61]-> [] duplicate metric: PM@WordCountTopology-1-1530447904@@0@sys@SendTps
[2018-07-01 20:25:16] [__acker:3-BoltExecutors] WARN  c.a.jstorm.metric.AsmMetricRegistry [61]-> [] duplicate metric: CM@WordCountTopology-1-1530447904@__acker@0@@sys@RecvTps
[2018-07-01 20:25:16] [__acker:3-BoltExecutors] WARN  c.a.jstorm.metric.AsmMetricRegistry [61]-> [] duplicate metric: PM@WordCountTopology-1-1530447904@@0@sys@RecvTps
[2018-07-01 20:25:16] [__acker:3-BoltExecutors] WARN  c.a.jstorm.metric.AsmMetricRegistry [61]-> [] duplicate metric: TC@WordCountTopology-1-1530447904@__acker@3@@sys@Acked
[2018-07-01 20:25:16] [__acker:3-BoltExecutors] WARN  c.a.jstorm.metric.AsmMetricRegistry [61]-> [] duplicate metric: CC@WordCountTopology-1-1530447904@__acker@0@@sys@Acked
[2018-07-01 20:25:16] [__acker:3-BoltExecutors] WARN  c.a.jstorm.metric.AsmMetricRegistry [61]-> [] duplicate metric: PC@WordCountTopology-1-1530447904@@0@sys@Acked
[2018-07-01 20:25:16] [__acker:3-BoltExecutors] WARN  c.a.jstorm.metric.AsmMetricRegistry [61]-> [] duplicate metric: TH@WordCountTopology-1-1530447904@__acker@3@@sys@ProcessLatency
[2018-07-01 20:25:16] [__acker:3-BoltExecutors] WARN  c.a.jstorm.metric.AsmMetricRegistry [61]-> [] duplicate metric: CH@WordCountTopology-1-1530447904@__acker@0@@sys@ProcessLatency
[2018-07-01 20:25:16] [__acker:3-BoltExecutors] WARN  c.a.jstorm.metric.AsmMetricRegistry [61]-> [] duplicate metric: CH@WordCountTopology-1-1530447904@__acker@0@@sys@TupleLifeCycle
[2018-07-01 20:25:16] [__acker:3-BoltExecutors] WARN  c.a.jstorm.metric.AsmMetricRegistry [61]-> [] duplicate metric: CM@WordCountTopology-1-1530447904@__acker@0@@sys@RecvTps
[2018-07-01 20:25:16] [__acker:3-BoltExecutors] WARN  c.a.jstorm.metric.AsmMetricRegistry [61]-> [] duplicate metric: PM@WordCountTopology-1-1530447904@@0@sys@RecvTps
[2018-07-01 20:25:16] [__acker:3-BoltExecutors] WARN  c.a.jstorm.metric.AsmMetricRegistry [61]-> [] duplicate metric: CH@WordCountTopology-1-1530447904@__acker@0@@sys@TupleLifeCycle
[2018-07-01 20:25:16] [pool-15-thread-3] WARN  c.a.jstorm.metric.AsmMetricRegistry [61]-> [] duplicate metric: PC@WordCountTopology-1-1530447904@@0@sys@Emitted
[2018-07-01 20:25:16] [pool-15-thread-3] WARN  c.a.jstorm.metric.AsmMetricRegistry [61]-> [] duplicate metric: PM@WordCountTopology-1-1530447904@@0@sys@SendTps
[2018-07-01 20:25:16] [word-reader:4-AckerRunnable] WARN  c.a.jstorm.metric.AsmMetricRegistry [61]-> [] duplicate metric: PM@WordCountTopology-1-1530447904@@0@sys@RecvTps
[2018-07-01 20:25:16] [word-reader:4-AckerRunnable] WARN  c.a.jstorm.metric.AsmMetricRegistry [61]-> [] duplicate metric: PC@WordCountTopology-1-1530447904@@0@sys@Acked
[2018-07-01 20:25:24] [ReconnectRunnable] WARN  c.a.jstorm.metric.AsmMetricRegistry [61]-> [] duplicate metric: WH@WordCountTopology-1-1530447904@192.168.79.1@6900@sys@MsgDecodeTime
[2018-07-01 20:25:24] [ReconnectRunnable] WARN  c.a.jstorm.metric.AsmMetricRegistry [61]-> [] duplicate metric: WH@WordCountTopology-1-1530447904@192.168.79.1@6900@sys@MsgDecodeTime
[2018-07-01 20:25:25] [ReconnectRunnable] WARN  c.a.jstorm.metric.AsmMetricRegistry [61]-> [] duplicate metric: WH@WordCountTopology-1-1530447904@192.168.79.1@6900@sys@MsgDecodeTime
[2018-07-01 20:29:22] [main] WARN  c.a.j.d.n.metric.ClusterMetricsContext [173]-> [] use default metric query client class.
[2018-07-01 20:29:22] [NIOServerCxn.Factory:0.0.0.0/0.0.0.0:2000] WARN  s.s.o.a.zookeeper.server.NIOServerCnxn [357]-> [] caught end of stream exception
shade.storm.org.apache.zookeeper.server.ServerCnxn$EndOfStreamException: Unable to read additional data from client sessionid 0x16455d189210003, likely client has closed socket
	at shade.storm.org.apache.zookeeper.server.NIOServerCnxn.doIO(NIOServerCnxn.java:228) ~[jstorm-core-2.2.1.jar:na]
	at shade.storm.org.apache.zookeeper.server.NIOServerCnxnFactory.run(NIOServerCnxnFactory.java:208) [jstorm-core-2.2.1.jar:na]
	at java.lang.Thread.run(Thread.java:745) [na:1.8.0_111]
[2018-07-01 20:29:40] [NIOServerCxn.Factory:0.0.0.0/0.0.0.0:2000] WARN  s.s.o.a.zookeeper.server.NIOServerCnxn [357]-> [] caught end of stream exception
shade.storm.org.apache.zookeeper.server.ServerCnxn$EndOfStreamException: Unable to read additional data from client sessionid 0x16455d189210005, likely client has closed socket
	at shade.storm.org.apache.zookeeper.server.NIOServerCnxn.doIO(NIOServerCnxn.java:228) ~[jstorm-core-2.2.1.jar:na]
	at shade.storm.org.apache.zookeeper.server.NIOServerCnxnFactory.run(NIOServerCnxnFactory.java:208) [jstorm-core-2.2.1.jar:na]
	at java.lang.Thread.run(Thread.java:745) [na:1.8.0_111]
[2018-07-01 20:29:40] [NIOServerCxn.Factory:0.0.0.0/0.0.0.0:2000] WARN  s.s.o.a.zookeeper.server.NIOServerCnxn [357]-> [] caught end of stream exception
shade.storm.org.apache.zookeeper.server.ServerCnxn$EndOfStreamException: Unable to read additional data from client sessionid 0x16455d189210006, likely client has closed socket
	at shade.storm.org.apache.zookeeper.server.NIOServerCnxn.doIO(NIOServerCnxn.java:228) ~[jstorm-core-2.2.1.jar:na]
	at shade.storm.org.apache.zookeeper.server.NIOServerCnxnFactory.run(NIOServerCnxnFactory.java:208) [jstorm-core-2.2.1.jar:na]
	at java.lang.Thread.run(Thread.java:745) [na:1.8.0_111]
[2018-07-01 20:29:41] [NIOServerCxn.Factory:0.0.0.0/0.0.0.0:2000] WARN  s.s.o.a.zookeeper.server.NIOServerCnxn [357]-> [] caught end of stream exception
shade.storm.org.apache.zookeeper.server.ServerCnxn$EndOfStreamException: Unable to read additional data from client sessionid 0x16455d189210008, likely client has closed socket
	at shade.storm.org.apache.zookeeper.server.NIOServerCnxn.doIO(NIOServerCnxn.java:228) ~[jstorm-core-2.2.1.jar:na]
	at shade.storm.org.apache.zookeeper.server.NIOServerCnxnFactory.run(NIOServerCnxnFactory.java:208) [jstorm-core-2.2.1.jar:na]
	at java.lang.Thread.run(Thread.java:745) [na:1.8.0_111]
[2018-07-01 20:29:41] [word-reader:5-MultipleThreadSpoutExecutors] WARN  c.a.jstorm.metric.AsmMetricRegistry [61]-> [] duplicate metric: PC@WordCountTopology-1-1530448180@@0@sys@Emitted
[2018-07-01 20:29:41] [pool-25-thread-4] WARN  c.a.jstorm.metric.AsmMetricRegistry [61]-> [] duplicate metric: PC@WordCountTopology-1-1530448180@@0@sys@Emitted
[2018-07-01 20:29:41] [pool-25-thread-2] WARN  c.a.jstorm.metric.AsmMetricRegistry [61]-> [] duplicate metric: PC@WordCountTopology-1-1530448180@@0@sys@Emitted
[2018-07-01 20:29:41] [pool-25-thread-1] WARN  c.a.jstorm.metric.AsmMetricRegistry [61]-> [] duplicate metric: SM@WordCountTopology-1-1530448180@word-normalizer@3@__master_task_heartbeat@sys@SendTps
[2018-07-01 20:29:41] [pool-25-thread-1] WARN  c.a.jstorm.metric.AsmMetricRegistry [61]-> [] duplicate metric: TM@WordCountTopology-1-1530448180@word-normalizer@3@@sys@SendTps
[2018-07-01 20:29:41] [pool-25-thread-1] WARN  c.a.jstorm.metric.AsmMetricRegistry [61]-> [] duplicate metric: CM@WordCountTopology-1-1530448180@word-normalizer@0@@sys@SendTps
[2018-07-01 20:29:41] [pool-25-thread-1] WARN  c.a.jstorm.metric.AsmMetricRegistry [61]-> [] duplicate metric: PM@WordCountTopology-1-1530448180@@0@sys@SendTps
[2018-07-01 20:29:41] [__acker:4-BoltExecutors] WARN  c.a.jstorm.metric.AsmMetricRegistry [61]-> [] duplicate metric: PM@WordCountTopology-1-1530448180@@0@sys@SendTps
[2018-07-01 20:29:41] [pool-25-thread-3] WARN  c.a.jstorm.metric.AsmMetricRegistry [61]-> [] duplicate metric: PM@WordCountTopology-1-1530448180@@0@sys@SendTps
[2018-07-01 20:29:41] [word-reader:5-MultipleThreadSpoutExecutors] WARN  c.a.jstorm.metric.AsmMetricRegistry [61]-> [] duplicate metric: SM@WordCountTopology-1-1530448180@word-reader@5@__master_task_heartbeat@sys@SendTps
[2018-07-01 20:29:41] [word-reader:5-MultipleThreadSpoutExecutors] WARN  c.a.jstorm.metric.AsmMetricRegistry [61]-> [] duplicate metric: TM@WordCountTopology-1-1530448180@word-reader@5@@sys@SendTps
[2018-07-01 20:29:41] [word-reader:5-MultipleThreadSpoutExecutors] WARN  c.a.jstorm.metric.AsmMetricRegistry [61]-> [] duplicate metric: CM@WordCountTopology-1-1530448180@word-reader@0@@sys@SendTps
[2018-07-01 20:29:41] [word-reader:5-MultipleThreadSpoutExecutors] WARN  c.a.jstorm.metric.AsmMetricRegistry [61]-> [] duplicate metric: PM@WordCountTopology-1-1530448180@@0@sys@SendTps
[2018-07-01 20:29:41] [pool-25-thread-4] WARN  c.a.jstorm.metric.AsmMetricRegistry [61]-> [] duplicate metric: SM@WordCountTopology-1-1530448180@word-counter@1@__master_task_heartbeat@sys@SendTps
[2018-07-01 20:29:41] [word-counter:1-BoltExecutors] WARN  c.a.jstorm.metric.AsmMetricRegistry [61]-> [] duplicate metric: PM@WordCountTopology-1-1530448180@@0@sys@SendTps
[2018-07-01 20:29:41] [pool-25-thread-4] WARN  c.a.jstorm.metric.AsmMetricRegistry [61]-> [] duplicate metric: TM@WordCountTopology-1-1530448180@word-counter@1@@sys@SendTps
[2018-07-01 20:29:41] [pool-25-thread-4] WARN  c.a.jstorm.metric.AsmMetricRegistry [61]-> [] duplicate metric: CM@WordCountTopology-1-1530448180@word-counter@0@@sys@SendTps
[2018-07-01 20:29:41] [pool-25-thread-2] WARN  c.a.jstorm.metric.AsmMetricRegistry [61]-> [] duplicate metric: SM@WordCountTopology-1-1530448180@__acker@4@__master_task_heartbeat@sys@SendTps
[2018-07-01 20:29:41] [pool-25-thread-4] WARN  c.a.jstorm.metric.AsmMetricRegistry [61]-> [] duplicate metric: PM@WordCountTopology-1-1530448180@@0@sys@SendTps
[2018-07-01 20:29:41] [pool-25-thread-2] WARN  c.a.jstorm.metric.AsmMetricRegistry [61]-> [] duplicate metric: TM@WordCountTopology-1-1530448180@__acker@4@@sys@SendTps
[2018-07-01 20:29:41] [pool-25-thread-2] WARN  c.a.jstorm.metric.AsmMetricRegistry [61]-> [] duplicate metric: CM@WordCountTopology-1-1530448180@__acker@0@@sys@SendTps
[2018-07-01 20:29:41] [pool-25-thread-2] WARN  c.a.jstorm.metric.AsmMetricRegistry [61]-> [] duplicate metric: PM@WordCountTopology-1-1530448180@@0@sys@SendTps
[2018-07-01 20:29:41] [__topology_master:2-BoltExecutors] WARN  c.a.jstorm.metric.AsmMetricRegistry [61]-> [] duplicate metric: CH@WordCountTopology-1-1530448180@__topology_master@0@@sys@TupleLifeCycle
[2018-07-01 20:29:41] [__topology_master:2-BoltExecutors] WARN  c.a.jstorm.metric.AsmMetricRegistry [61]-> [] duplicate metric: CM@WordCountTopology-1-1530448180@__topology_master@0@@sys@RecvTps
[2018-07-01 20:29:41] [__topology_master:2-BoltExecutors] WARN  c.a.jstorm.metric.AsmMetricRegistry [61]-> [] duplicate metric: TH@WordCountTopology-1-1530448180@__topology_master@2@@sys@TupleLifeCycle
[2018-07-01 20:29:41] [__topology_master:2-BoltExecutors] WARN  c.a.jstorm.metric.AsmMetricRegistry [61]-> [] duplicate metric: CH@WordCountTopology-1-1530448180@__topology_master@0@@sys@TupleLifeCycle
[2018-07-01 20:29:41] [__topology_master:2-BoltExecutors] WARN  c.a.jstorm.metric.AsmMetricRegistry [61]-> [] duplicate metric: CH@WordCountTopology-1-1530448180@__topology_master@0@@sys@TupleLifeCycle
[2018-07-01 20:29:41] [__topology_master:2-BoltExecutors] WARN  c.a.jstorm.metric.AsmMetricRegistry [61]-> [] duplicate metric: TM@WordCountTopology-1-1530448180@__topology_master@2@@sys@RecvTps
[2018-07-01 20:29:41] [__topology_master:2-BoltExecutors] WARN  c.a.jstorm.metric.AsmMetricRegistry [61]-> [] duplicate metric: CM@WordCountTopology-1-1530448180@__topology_master@0@@sys@RecvTps
[2018-07-01 20:29:41] [__topology_master:2-BoltExecutors] WARN  c.a.jstorm.metric.AsmMetricRegistry [61]-> [] duplicate metric: CM@WordCountTopology-1-1530448180@__topology_master@0@@sys@RecvTps
[2018-07-01 20:29:41] [__topology_master:2-BoltExecutors] WARN  c.a.jstorm.metric.AsmMetricRegistry [61]-> [] duplicate metric: PM@WordCountTopology-1-1530448180@@0@sys@RecvTps
[2018-07-01 20:29:41] [__topology_master:2-BoltExecutors] WARN  c.a.jstorm.metric.AsmMetricRegistry [61]-> [] duplicate metric: TH@WordCountTopology-1-1530448180@__topology_master@2@@sys@TupleLifeCycle
[2018-07-01 20:29:41] [__topology_master:2-BoltExecutors] WARN  c.a.jstorm.metric.AsmMetricRegistry [61]-> [] duplicate metric: CH@WordCountTopology-1-1530448180@__topology_master@0@@sys@TupleLifeCycle
[2018-07-01 20:29:41] [__topology_master:2-BoltExecutors] WARN  c.a.jstorm.metric.AsmMetricRegistry [61]-> [] duplicate metric: CH@WordCountTopology-1-1530448180@__topology_master@0@@sys@TupleLifeCycle
[2018-07-01 20:29:41] [__topology_master:2-BoltExecutors] WARN  c.a.jstorm.metric.AsmMetricRegistry [61]-> [] duplicate metric: TM@WordCountTopology-1-1530448180@__topology_master@2@@sys@RecvTps
[2018-07-01 20:29:41] [__topology_master:2-BoltExecutors] WARN  c.a.jstorm.metric.AsmMetricRegistry [61]-> [] duplicate metric: CM@WordCountTopology-1-1530448180@__topology_master@0@@sys@RecvTps
[2018-07-01 20:29:41] [__topology_master:2-BoltExecutors] WARN  c.a.jstorm.metric.AsmMetricRegistry [61]-> [] duplicate metric: CM@WordCountTopology-1-1530448180@__topology_master@0@@sys@RecvTps
[2018-07-01 20:29:41] [__topology_master:2-BoltExecutors] WARN  c.a.jstorm.metric.AsmMetricRegistry [61]-> [] duplicate metric: PM@WordCountTopology-1-1530448180@@0@sys@RecvTps
[2018-07-01 20:29:41] [__topology_master:2-BoltExecutors] WARN  c.a.jstorm.metric.AsmMetricRegistry [61]-> [] duplicate metric: TH@WordCountTopology-1-1530448180@__topology_master@2@@sys@TupleLifeCycle
[2018-07-01 20:29:41] [__topology_master:2-BoltExecutors] WARN  c.a.jstorm.metric.AsmMetricRegistry [61]-> [] duplicate metric: CH@WordCountTopology-1-1530448180@__topology_master@0@@sys@TupleLifeCycle
[2018-07-01 20:29:41] [__topology_master:2-BoltExecutors] WARN  c.a.jstorm.metric.AsmMetricRegistry [61]-> [] duplicate metric: CH@WordCountTopology-1-1530448180@__topology_master@0@@sys@TupleLifeCycle
[2018-07-01 20:29:41] [__topology_master:2-BoltExecutors] WARN  c.a.jstorm.metric.AsmMetricRegistry [61]-> [] duplicate metric: TM@WordCountTopology-1-1530448180@__topology_master@2@@sys@RecvTps
[2018-07-01 20:29:41] [__topology_master:2-BoltExecutors] WARN  c.a.jstorm.metric.AsmMetricRegistry [61]-> [] duplicate metric: CM@WordCountTopology-1-1530448180@__topology_master@0@@sys@RecvTps
[2018-07-01 20:29:41] [__topology_master:2-BoltExecutors] WARN  c.a.jstorm.metric.AsmMetricRegistry [61]-> [] duplicate metric: CM@WordCountTopology-1-1530448180@__topology_master@0@@sys@RecvTps
[2018-07-01 20:29:41] [__topology_master:2-BoltExecutors] WARN  c.a.jstorm.metric.AsmMetricRegistry [61]-> [] duplicate metric: PM@WordCountTopology-1-1530448180@@0@sys@RecvTps
[2018-07-01 20:29:41] [__topology_master:2-BoltExecutors] WARN  c.a.jstorm.metric.AsmMetricRegistry [61]-> [] duplicate metric: TH@WordCountTopology-1-1530448180@__topology_master@2@@sys@TupleLifeCycle
[2018-07-01 20:29:41] [__topology_master:2-BoltExecutors] WARN  c.a.jstorm.metric.AsmMetricRegistry [61]-> [] duplicate metric: CH@WordCountTopology-1-1530448180@__topology_master@0@@sys@TupleLifeCycle
[2018-07-01 20:29:41] [__topology_master:2-BoltExecutors] WARN  c.a.jstorm.metric.AsmMetricRegistry [61]-> [] duplicate metric: CH@WordCountTopology-1-1530448180@__topology_master@0@@sys@TupleLifeCycle
[2018-07-01 20:29:41] [__topology_master:2-BoltExecutors] WARN  c.a.jstorm.metric.AsmMetricRegistry [61]-> [] duplicate metric: TM@WordCountTopology-1-1530448180@__topology_master@2@@sys@RecvTps
[2018-07-01 20:29:41] [__topology_master:2-BoltExecutors] WARN  c.a.jstorm.metric.AsmMetricRegistry [61]-> [] duplicate metric: CM@WordCountTopology-1-1530448180@__topology_master@0@@sys@RecvTps
[2018-07-01 20:29:41] [__topology_master:2-BoltExecutors] WARN  c.a.jstorm.metric.AsmMetricRegistry [61]-> [] duplicate metric: CM@WordCountTopology-1-1530448180@__topology_master@0@@sys@RecvTps
[2018-07-01 20:29:41] [__topology_master:2-BoltExecutors] WARN  c.a.jstorm.metric.AsmMetricRegistry [61]-> [] duplicate metric: PM@WordCountTopology-1-1530448180@@0@sys@RecvTps
[2018-07-01 20:29:51] [pool-26-thread-5] WARN  c.a.jstorm.metric.AsmMetricRegistry [61]-> [] duplicate metric: TC@WordCountTopology-1-1530448180@word-reader@5@@sys@Emitted
[2018-07-01 20:29:51] [pool-26-thread-5] WARN  c.a.jstorm.metric.AsmMetricRegistry [61]-> [] duplicate metric: CC@WordCountTopology-1-1530448180@word-reader@0@@sys@Emitted
[2018-07-01 20:29:51] [pool-26-thread-5] WARN  c.a.jstorm.metric.AsmMetricRegistry [61]-> [] duplicate metric: PC@WordCountTopology-1-1530448180@@0@sys@Emitted
[2018-07-01 20:29:51] [pool-26-thread-5] WARN  c.a.jstorm.metric.AsmMetricRegistry [61]-> [] duplicate metric: TM@WordCountTopology-1-1530448180@word-reader@5@@sys@SendTps
[2018-07-01 20:29:51] [pool-26-thread-5] WARN  c.a.jstorm.metric.AsmMetricRegistry [61]-> [] duplicate metric: CM@WordCountTopology-1-1530448180@word-reader@0@@sys@SendTps
[2018-07-01 20:29:51] [pool-26-thread-5] WARN  c.a.jstorm.metric.AsmMetricRegistry [61]-> [] duplicate metric: PM@WordCountTopology-1-1530448180@@0@sys@SendTps
[2018-07-01 20:29:51] [pool-26-thread-5] WARN  c.a.jstorm.metric.AsmMetricRegistry [61]-> [] duplicate metric: TC@WordCountTopology-1-1530448180@word-reader@5@@sys@Emitted
[2018-07-01 20:29:51] [pool-26-thread-5] WARN  c.a.jstorm.metric.AsmMetricRegistry [61]-> [] duplicate metric: CC@WordCountTopology-1-1530448180@word-reader@0@@sys@Emitted
[2018-07-01 20:29:51] [pool-26-thread-5] WARN  c.a.jstorm.metric.AsmMetricRegistry [61]-> [] duplicate metric: PC@WordCountTopology-1-1530448180@@0@sys@Emitted
[2018-07-01 20:29:51] [word-normalizer:3-BoltExecutors] WARN  c.a.jstorm.metric.AsmMetricRegistry [61]-> [] duplicate metric: CH@WordCountTopology-1-1530448180@word-normalizer@0@@sys@TupleLifeCycle
[2018-07-01 20:29:51] [pool-26-thread-5] WARN  c.a.jstorm.metric.AsmMetricRegistry [61]-> [] duplicate metric: TM@WordCountTopology-1-1530448180@word-reader@5@@sys@SendTps
[2018-07-01 20:29:51] [pool-26-thread-5] WARN  c.a.jstorm.metric.AsmMetricRegistry [61]-> [] duplicate metric: CM@WordCountTopology-1-1530448180@word-reader@0@@sys@SendTps
[2018-07-01 20:29:51] [pool-26-thread-5] WARN  c.a.jstorm.metric.AsmMetricRegistry [61]-> [] duplicate metric: PM@WordCountTopology-1-1530448180@@0@sys@SendTps
[2018-07-01 20:29:51] [word-normalizer:3-BoltExecutors] WARN  c.a.jstorm.metric.AsmMetricRegistry [61]-> [] duplicate metric: PC@WordCountTopology-1-1530448180@@0@sys@Acked
[2018-07-01 20:29:51] [pool-26-thread-4] WARN  c.a.jstorm.metric.AsmMetricRegistry [61]-> [] duplicate metric: TC@WordCountTopology-1-1530448180@word-normalizer@3@@sys@Emitted
[2018-07-01 20:29:51] [pool-26-thread-4] WARN  c.a.jstorm.metric.AsmMetricRegistry [61]-> [] duplicate metric: CC@WordCountTopology-1-1530448180@word-normalizer@0@@sys@Emitted
[2018-07-01 20:29:51] [pool-26-thread-4] WARN  c.a.jstorm.metric.AsmMetricRegistry [61]-> [] duplicate metric: PC@WordCountTopology-1-1530448180@@0@sys@Emitted
[2018-07-01 20:29:51] [pool-26-thread-4] WARN  c.a.jstorm.metric.AsmMetricRegistry [61]-> [] duplicate metric: TM@WordCountTopology-1-1530448180@word-normalizer@3@@sys@SendTps
[2018-07-01 20:29:51] [pool-26-thread-4] WARN  c.a.jstorm.metric.AsmMetricRegistry [61]-> [] duplicate metric: CM@WordCountTopology-1-1530448180@word-normalizer@0@@sys@SendTps
[2018-07-01 20:29:51] [pool-26-thread-4] WARN  c.a.jstorm.metric.AsmMetricRegistry [61]-> [] duplicate metric: PM@WordCountTopology-1-1530448180@@0@sys@SendTps
[2018-07-01 20:29:51] [__acker:4-BoltExecutors] WARN  c.a.jstorm.metric.AsmMetricRegistry [61]-> [] duplicate metric: CH@WordCountTopology-1-1530448180@__acker@0@@sys@TupleLifeCycle
[2018-07-01 20:29:51] [word-normalizer:3-BoltExecutors] WARN  c.a.jstorm.metric.AsmMetricRegistry [61]-> [] duplicate metric: CM@WordCountTopology-1-1530448180@word-normalizer@0@@sys@RecvTps
[2018-07-01 20:29:51] [word-normalizer:3-BoltExecutors] WARN  c.a.jstorm.metric.AsmMetricRegistry [61]-> [] duplicate metric: PM@WordCountTopology-1-1530448180@@0@sys@RecvTps
[2018-07-01 20:29:51] [word-counter:1-BoltExecutors] WARN  c.a.jstorm.metric.AsmMetricRegistry [61]-> [] duplicate metric: CH@WordCountTopology-1-1530448180@word-counter@0@@sys@TupleLifeCycle
[2018-07-01 20:29:51] [__acker:4-BoltExecutors] WARN  c.a.jstorm.metric.AsmMetricRegistry [61]-> [] duplicate metric: PC@WordCountTopology-1-1530448180@@0@sys@Acked
[2018-07-01 20:29:51] [word-counter:1-BoltExecutors] WARN  c.a.jstorm.metric.AsmMetricRegistry [61]-> [] duplicate metric: PC@WordCountTopology-1-1530448180@@0@sys@Acked
[2018-07-01 20:29:51] [__acker:4-BoltExecutors] WARN  c.a.jstorm.metric.AsmMetricRegistry [61]-> [] duplicate metric: CM@WordCountTopology-1-1530448180@__acker@0@@sys@RecvTps
[2018-07-01 20:29:51] [__acker:4-BoltExecutors] WARN  c.a.jstorm.metric.AsmMetricRegistry [61]-> [] duplicate metric: PM@WordCountTopology-1-1530448180@@0@sys@RecvTps
[2018-07-01 20:29:51] [pool-26-thread-4] WARN  c.a.jstorm.metric.AsmMetricRegistry [61]-> [] duplicate metric: TC@WordCountTopology-1-1530448180@word-counter@1@@sys@Emitted
[2018-07-01 20:29:51] [pool-26-thread-4] WARN  c.a.jstorm.metric.AsmMetricRegistry [61]-> [] duplicate metric: CC@WordCountTopology-1-1530448180@word-counter@0@@sys@Emitted
[2018-07-01 20:29:51] [pool-26-thread-3] WARN  c.a.jstorm.metric.AsmMetricRegistry [61]-> [] duplicate metric: TC@WordCountTopology-1-1530448180@word-normalizer@3@@sys@Emitted
[2018-07-01 20:29:51] [pool-26-thread-3] WARN  c.a.jstorm.metric.AsmMetricRegistry [61]-> [] duplicate metric: CC@WordCountTopology-1-1530448180@word-normalizer@0@@sys@Emitted
[2018-07-01 20:29:51] [pool-26-thread-4] WARN  c.a.jstorm.metric.AsmMetricRegistry [61]-> [] duplicate metric: PC@WordCountTopology-1-1530448180@@0@sys@Emitted
[2018-07-01 20:29:51] [pool-26-thread-3] WARN  c.a.jstorm.metric.AsmMetricRegistry [61]-> [] duplicate metric: PC@WordCountTopology-1-1530448180@@0@sys@Emitted
[2018-07-01 20:29:51] [pool-26-thread-4] WARN  c.a.jstorm.metric.AsmMetricRegistry [61]-> [] duplicate metric: TM@WordCountTopology-1-1530448180@word-counter@1@@sys@SendTps
[2018-07-01 20:29:51] [pool-26-thread-3] WARN  c.a.jstorm.metric.AsmMetricRegistry [61]-> [] duplicate metric: TM@WordCountTopology-1-1530448180@word-normalizer@3@@sys@SendTps
[2018-07-01 20:29:51] [pool-26-thread-4] WARN  c.a.jstorm.metric.AsmMetricRegistry [61]-> [] duplicate metric: CM@WordCountTopology-1-1530448180@word-counter@0@@sys@SendTps
[2018-07-01 20:29:51] [pool-26-thread-3] WARN  c.a.jstorm.metric.AsmMetricRegistry [61]-> [] duplicate metric: CM@WordCountTopology-1-1530448180@word-normalizer@0@@sys@SendTps
[2018-07-01 20:29:51] [pool-26-thread-4] WARN  c.a.jstorm.metric.AsmMetricRegistry [61]-> [] duplicate metric: PM@WordCountTopology-1-1530448180@@0@sys@SendTps
[2018-07-01 20:29:51] [pool-26-thread-3] WARN  c.a.jstorm.metric.AsmMetricRegistry [61]-> [] duplicate metric: PM@WordCountTopology-1-1530448180@@0@sys@SendTps
[2018-07-01 20:29:51] [word-counter:1-BoltExecutors] WARN  c.a.jstorm.metric.AsmMetricRegistry [61]-> [] duplicate metric: CM@WordCountTopology-1-1530448180@word-counter@0@@sys@RecvTps
[2018-07-01 20:29:51] [word-counter:1-BoltExecutors] WARN  c.a.jstorm.metric.AsmMetricRegistry [61]-> [] duplicate metric: PM@WordCountTopology-1-1530448180@@0@sys@RecvTps
[2018-07-01 20:29:51] [__acker:4-BoltExecutors] WARN  c.a.jstorm.metric.AsmMetricRegistry [61]-> [] duplicate metric: TH@WordCountTopology-1-1530448180@__acker@4@@sys@TupleLifeCycle
[2018-07-01 20:29:51] [__acker:4-BoltExecutors] WARN  c.a.jstorm.metric.AsmMetricRegistry [61]-> [] duplicate metric: CH@WordCountTopology-1-1530448180@__acker@0@@sys@TupleLifeCycle
[2018-07-01 20:29:51] [__acker:4-BoltExecutors] WARN  c.a.jstorm.metric.AsmMetricRegistry [61]-> [] duplicate metric: CH@WordCountTopology-1-1530448180@__acker@0@@sys@TupleLifeCycle
[2018-07-01 20:29:51] [__acker:4-BoltExecutors] WARN  c.a.jstorm.metric.AsmMetricRegistry [61]-> [] duplicate metric: TC@WordCountTopology-1-1530448180@__acker@4@@sys@Acked
[2018-07-01 20:29:51] [__acker:4-BoltExecutors] WARN  c.a.jstorm.metric.AsmMetricRegistry [61]-> [] duplicate metric: CC@WordCountTopology-1-1530448180@__acker@0@@sys@Acked
[2018-07-01 20:29:51] [__acker:4-BoltExecutors] WARN  c.a.jstorm.metric.AsmMetricRegistry [61]-> [] duplicate metric: PC@WordCountTopology-1-1530448180@@0@sys@Acked
[2018-07-01 20:29:51] [__acker:4-BoltExecutors] WARN  c.a.jstorm.metric.AsmMetricRegistry [61]-> [] duplicate metric: TM@WordCountTopology-1-1530448180@__acker@4@@sys@RecvTps
[2018-07-01 20:29:51] [__acker:4-BoltExecutors] WARN  c.a.jstorm.metric.AsmMetricRegistry [61]-> [] duplicate metric: CM@WordCountTopology-1-1530448180@__acker@0@@sys@RecvTps
[2018-07-01 20:29:51] [__acker:4-BoltExecutors] WARN  c.a.jstorm.metric.AsmMetricRegistry [61]-> [] duplicate metric: CM@WordCountTopology-1-1530448180@__acker@0@@sys@RecvTps
[2018-07-01 20:29:51] [__acker:4-BoltExecutors] WARN  c.a.jstorm.metric.AsmMetricRegistry [61]-> [] duplicate metric: PM@WordCountTopology-1-1530448180@@0@sys@RecvTps
[2018-07-01 20:29:51] [__acker:4-BoltExecutors] WARN  c.a.jstorm.metric.AsmMetricRegistry [61]-> [] duplicate metric: TH@WordCountTopology-1-1530448180@__acker@4@@sys@TupleLifeCycle
[2018-07-01 20:29:51] [__acker:4-BoltExecutors] WARN  c.a.jstorm.metric.AsmMetricRegistry [61]-> [] duplicate metric: CH@WordCountTopology-1-1530448180@__acker@0@@sys@TupleLifeCycle
[2018-07-01 20:29:51] [__acker:4-BoltExecutors] WARN  c.a.jstorm.metric.AsmMetricRegistry [61]-> [] duplicate metric: CH@WordCountTopology-1-1530448180@__acker@0@@sys@TupleLifeCycle
[2018-07-01 20:29:51] [__acker:4-BoltExecutors] WARN  c.a.jstorm.metric.AsmMetricRegistry [61]-> [] duplicate metric: TM@WordCountTopology-1-1530448180@__acker@4@@sys@RecvTps
[2018-07-01 20:29:51] [__acker:4-BoltExecutors] WARN  c.a.jstorm.metric.AsmMetricRegistry [61]-> [] duplicate metric: CM@WordCountTopology-1-1530448180@__acker@0@@sys@RecvTps
[2018-07-01 20:29:51] [__acker:4-BoltExecutors] WARN  c.a.jstorm.metric.AsmMetricRegistry [61]-> [] duplicate metric: CM@WordCountTopology-1-1530448180@__acker@0@@sys@RecvTps
[2018-07-01 20:29:51] [__acker:4-BoltExecutors] WARN  c.a.jstorm.metric.AsmMetricRegistry [61]-> [] duplicate metric: PM@WordCountTopology-1-1530448180@@0@sys@RecvTps
[2018-07-01 20:29:51] [pool-26-thread-2] WARN  c.a.jstorm.metric.AsmMetricRegistry [61]-> [] duplicate metric: TC@WordCountTopology-1-1530448180@__acker@4@@sys@Emitted
[2018-07-01 20:29:51] [pool-26-thread-2] WARN  c.a.jstorm.metric.AsmMetricRegistry [61]-> [] duplicate metric: CC@WordCountTopology-1-1530448180@__acker@0@@sys@Emitted
[2018-07-01 20:29:51] [pool-26-thread-2] WARN  c.a.jstorm.metric.AsmMetricRegistry [61]-> [] duplicate metric: PC@WordCountTopology-1-1530448180@@0@sys@Emitted
[2018-07-01 20:29:51] [pool-26-thread-2] WARN  c.a.jstorm.metric.AsmMetricRegistry [61]-> [] duplicate metric: TM@WordCountTopology-1-1530448180@__acker@4@@sys@SendTps
[2018-07-01 20:29:51] [pool-26-thread-2] WARN  c.a.jstorm.metric.AsmMetricRegistry [61]-> [] duplicate metric: CM@WordCountTopology-1-1530448180@__acker@0@@sys@SendTps
[2018-07-01 20:29:51] [pool-26-thread-2] WARN  c.a.jstorm.metric.AsmMetricRegistry [61]-> [] duplicate metric: PM@WordCountTopology-1-1530448180@@0@sys@SendTps
[2018-07-01 20:29:51] [word-reader:5-AckerRunnable] WARN  c.a.jstorm.metric.AsmMetricRegistry [61]-> [] duplicate metric: CM@WordCountTopology-1-1530448180@word-reader@0@@sys@RecvTps
[2018-07-01 20:29:51] [word-reader:5-AckerRunnable] WARN  c.a.jstorm.metric.AsmMetricRegistry [61]-> [] duplicate metric: PM@WordCountTopology-1-1530448180@@0@sys@RecvTps
[2018-07-01 20:29:51] [word-reader:5-AckerRunnable] WARN  c.a.jstorm.metric.AsmMetricRegistry [61]-> [] duplicate metric: PC@WordCountTopology-1-1530448180@@0@sys@Acked
[2018-07-01 20:29:51] [word-reader:5-AckerRunnable] WARN  c.a.jstorm.metric.AsmMetricRegistry [61]-> [] duplicate metric: CH@WordCountTopology-1-1530448180@word-reader@0@@sys@TupleLifeCycle
[2018-07-01 20:30:00] [FlushMetricThread] WARN  c.a.jstorm.metric.JStormMetricsReporter [221]-> [] nimbus client is null...
[2018-07-01 20:30:00] [FlushMetricThread] WARN  c.a.jstorm.metric.JStormMetricsReporter [221]-> [] nimbus client is null...
[2018-07-01 20:30:00] [FlushMetricThread] WARN  c.a.jstorm.metric.AsmMetricRegistry [61]-> [] duplicate metric: TC@WordCountTopology-1-1530448180@word-counter@1@@sys@Emitted
[2018-07-01 20:30:00] [FlushMetricThread] WARN  c.a.jstorm.metric.AsmMetricRegistry [61]-> [] duplicate metric: CC@WordCountTopology-1-1530448180@word-counter@0@@sys@Emitted
[2018-07-01 20:30:00] [FlushMetricThread] WARN  c.a.jstorm.metric.AsmMetricRegistry [61]-> [] duplicate metric: PC@WordCountTopology-1-1530448180@@0@sys@Emitted
[2018-07-01 20:30:00] [FlushMetricThread] WARN  c.a.jstorm.metric.AsmMetricRegistry [61]-> [] duplicate metric: TM@WordCountTopology-1-1530448180@word-counter@1@@sys@SendTps
[2018-07-01 20:30:00] [FlushMetricThread] WARN  c.a.jstorm.metric.AsmMetricRegistry [61]-> [] duplicate metric: CM@WordCountTopology-1-1530448180@word-counter@0@@sys@SendTps
[2018-07-01 20:30:00] [FlushMetricThread] WARN  c.a.jstorm.metric.AsmMetricRegistry [61]-> [] duplicate metric: PM@WordCountTopology-1-1530448180@@0@sys@SendTps
[2018-07-01 20:30:00] [__topology_master:2-BoltExecutors] WARN  c.a.jstorm.metric.AsmMetricRegistry [61]-> [] duplicate metric: TH@WordCountTopology-1-1530448180@__topology_master@2@@sys@TupleLifeCycle
[2018-07-01 20:30:00] [__topology_master:2-BoltExecutors] WARN  c.a.jstorm.metric.AsmMetricRegistry [61]-> [] duplicate metric: CH@WordCountTopology-1-1530448180@__topology_master@0@@sys@TupleLifeCycle
[2018-07-01 20:30:00] [__topology_master:2-BoltExecutors] WARN  c.a.jstorm.metric.AsmMetricRegistry [61]-> [] duplicate metric: CH@WordCountTopology-1-1530448180@__topology_master@0@@sys@TupleLifeCycle
[2018-07-01 20:30:00] [__topology_master:2-BoltExecutors] WARN  c.a.jstorm.metric.AsmMetricRegistry [61]-> [] duplicate metric: TC@WordCountTopology-1-1530448180@__topology_master@2@@sys@Acked
[2018-07-01 20:30:00] [__topology_master:2-BoltExecutors] WARN  c.a.jstorm.metric.AsmMetricRegistry [61]-> [] duplicate metric: CC@WordCountTopology-1-1530448180@__topology_master@0@@sys@Acked
[2018-07-01 20:30:00] [__topology_master:2-BoltExecutors] WARN  c.a.jstorm.metric.AsmMetricRegistry [61]-> [] duplicate metric: PC@WordCountTopology-1-1530448180@@0@sys@Acked
[2018-07-01 20:30:00] [__topology_master:2-BoltExecutors] WARN  c.a.jstorm.metric.AsmMetricRegistry [61]-> [] duplicate metric: TM@WordCountTopology-1-1530448180@__topology_master@2@@sys@RecvTps
[2018-07-01 20:30:00] [__topology_master:2-BoltExecutors] WARN  c.a.jstorm.metric.AsmMetricRegistry [61]-> [] duplicate metric: CM@WordCountTopology-1-1530448180@__topology_master@0@@sys@RecvTps
[2018-07-01 20:30:00] [__topology_master:2-BoltExecutors] WARN  c.a.jstorm.metric.AsmMetricRegistry [61]-> [] duplicate metric: CM@WordCountTopology-1-1530448180@__topology_master@0@@sys@RecvTps
[2018-07-01 20:30:00] [__topology_master:2-BoltExecutors] WARN  c.a.jstorm.metric.AsmMetricRegistry [61]-> [] duplicate metric: PM@WordCountTopology-1-1530448180@@0@sys@RecvTps
[2018-07-01 20:30:26] [NIOServerCxn.Factory:0.0.0.0/0.0.0.0:2000] WARN  s.s.o.a.zookeeper.server.NIOServerCnxn [362]-> [] Exception causing close of session 0x16455d18921000a due to java.io.IOException: 远程主机强迫关闭了一个现有的连接。
[2018-07-01 20:30:33] [EventManagerImp-EventThread] WARN  c.a.j.cluster.DistributedClusterState [84]-> [] Received event Disconnected:None:null with disconnected Zookeeper.
[2018-07-01 20:30:34] [RefreshActive] WARN  c.a.jstorm.daemon.worker.RefreshActive [78]-> [] Failed to get StormBase from ZK of WordCountTopology-1-1530448180
[2018-07-01 20:58:25] [main] WARN  c.a.j.d.n.metric.ClusterMetricsContext [173]-> [] use default metric query client class.
[2018-07-01 20:58:43] [NIOServerCxn.Factory:0.0.0.0/0.0.0.0:2000] WARN  s.s.o.a.zookeeper.server.NIOServerCnxn [357]-> [] caught end of stream exception
shade.storm.org.apache.zookeeper.server.ServerCnxn$EndOfStreamException: Unable to read additional data from client sessionid 0x16455ec22020005, likely client has closed socket
	at shade.storm.org.apache.zookeeper.server.NIOServerCnxn.doIO(NIOServerCnxn.java:228) ~[jstorm-core-2.2.1.jar:na]
	at shade.storm.org.apache.zookeeper.server.NIOServerCnxnFactory.run(NIOServerCnxnFactory.java:208) [jstorm-core-2.2.1.jar:na]
	at java.lang.Thread.run(Thread.java:745) [na:1.8.0_111]
[2018-07-01 20:58:44] [pool-25-thread-1] WARN  c.a.jstorm.metric.AsmMetricRegistry [61]-> [] duplicate metric: SC@WordCountTopology-1-1530449923@word-counter@1@__master_task_heartbeat@sys@Emitted
[2018-07-01 20:58:44] [pool-25-thread-1] WARN  c.a.jstorm.metric.AsmMetricRegistry [61]-> [] duplicate metric: TC@WordCountTopology-1-1530449923@word-counter@1@@sys@Emitted
[2018-07-01 20:58:44] [pool-25-thread-1] WARN  c.a.jstorm.metric.AsmMetricRegistry [61]-> [] duplicate metric: CC@WordCountTopology-1-1530449923@word-counter@0@@sys@Emitted
[2018-07-01 20:58:44] [pool-25-thread-2] WARN  c.a.jstorm.metric.AsmMetricRegistry [61]-> [] duplicate metric: PC@WordCountTopology-1-1530449923@@0@sys@Emitted
[2018-07-01 20:58:44] [pool-25-thread-2] WARN  c.a.jstorm.metric.AsmMetricRegistry [61]-> [] duplicate metric: PM@WordCountTopology-1-1530449923@@0@sys@SendTps
[2018-07-01 20:58:44] [pool-25-thread-1] WARN  c.a.jstorm.metric.AsmMetricRegistry [61]-> [] duplicate metric: PC@WordCountTopology-1-1530449923@@0@sys@Emitted
[2018-07-01 20:58:44] [pool-25-thread-2] WARN  c.a.jstorm.metric.AsmMetricRegistry [61]-> [] duplicate metric: PC@WordCountTopology-1-1530449923@@0@sys@Emitted
[2018-07-01 20:58:44] [word-reader:5-MultipleThreadSpoutExecutors] WARN  c.a.jstorm.metric.AsmMetricRegistry [61]-> [] duplicate metric: PM@WordCountTopology-1-1530449923@@0@sys@SendTps
[2018-07-01 20:58:44] [pool-25-thread-4] WARN  c.a.jstorm.metric.AsmMetricRegistry [61]-> [] duplicate metric: PC@WordCountTopology-1-1530449923@@0@sys@Emitted
[2018-07-01 20:58:44] [pool-25-thread-4] WARN  c.a.jstorm.metric.AsmMetricRegistry [61]-> [] duplicate metric: PM@WordCountTopology-1-1530449923@@0@sys@SendTps
[2018-07-01 20:58:44] [__topology_master:2-BoltExecutors] WARN  c.a.jstorm.metric.AsmMetricRegistry [61]-> [] duplicate metric: CH@WordCountTopology-1-1530449923@__topology_master@0@@sys@TupleLifeCycle
[2018-07-01 20:58:44] [__topology_master:2-BoltExecutors] WARN  c.a.jstorm.metric.AsmMetricRegistry [61]-> [] duplicate metric: CM@WordCountTopology-1-1530449923@__topology_master@0@@sys@RecvTps
[2018-07-01 20:58:44] [__topology_master:2-BoltExecutors] WARN  c.a.jstorm.metric.AsmMetricRegistry [61]-> [] duplicate metric: TH@WordCountTopology-1-1530449923@__topology_master@2@@sys@TupleLifeCycle
[2018-07-01 20:58:44] [__topology_master:2-BoltExecutors] WARN  c.a.jstorm.metric.AsmMetricRegistry [61]-> [] duplicate metric: CH@WordCountTopology-1-1530449923@__topology_master@0@@sys@TupleLifeCycle
[2018-07-01 20:58:44] [__topology_master:2-BoltExecutors] WARN  c.a.jstorm.metric.AsmMetricRegistry [61]-> [] duplicate metric: CH@WordCountTopology-1-1530449923@__topology_master@0@@sys@TupleLifeCycle
[2018-07-01 20:58:44] [__topology_master:2-BoltExecutors] WARN  c.a.jstorm.metric.AsmMetricRegistry [61]-> [] duplicate metric: TM@WordCountTopology-1-1530449923@__topology_master@2@@sys@RecvTps
[2018-07-01 20:58:44] [__topology_master:2-BoltExecutors] WARN  c.a.jstorm.metric.AsmMetricRegistry [61]-> [] duplicate metric: CM@WordCountTopology-1-1530449923@__topology_master@0@@sys@RecvTps
[2018-07-01 20:58:44] [__topology_master:2-BoltExecutors] WARN  c.a.jstorm.metric.AsmMetricRegistry [61]-> [] duplicate metric: CM@WordCountTopology-1-1530449923@__topology_master@0@@sys@RecvTps
[2018-07-01 20:58:44] [__topology_master:2-BoltExecutors] WARN  c.a.jstorm.metric.AsmMetricRegistry [61]-> [] duplicate metric: PM@WordCountTopology-1-1530449923@@0@sys@RecvTps
[2018-07-01 20:58:44] [__topology_master:2-BoltExecutors] WARN  c.a.jstorm.metric.AsmMetricRegistry [61]-> [] duplicate metric: TH@WordCountTopology-1-1530449923@__topology_master@2@@sys@TupleLifeCycle
[2018-07-01 20:58:44] [__topology_master:2-BoltExecutors] WARN  c.a.jstorm.metric.AsmMetricRegistry [61]-> [] duplicate metric: CH@WordCountTopology-1-1530449923@__topology_master@0@@sys@TupleLifeCycle
[2018-07-01 20:58:44] [__topology_master:2-BoltExecutors] WARN  c.a.jstorm.metric.AsmMetricRegistry [61]-> [] duplicate metric: CH@WordCountTopology-1-1530449923@__topology_master@0@@sys@TupleLifeCycle
[2018-07-01 20:58:44] [__topology_master:2-BoltExecutors] WARN  c.a.jstorm.metric.AsmMetricRegistry [61]-> [] duplicate metric: TM@WordCountTopology-1-1530449923@__topology_master@2@@sys@RecvTps
[2018-07-01 20:58:44] [__topology_master:2-BoltExecutors] WARN  c.a.jstorm.metric.AsmMetricRegistry [61]-> [] duplicate metric: CM@WordCountTopology-1-1530449923@__topology_master@0@@sys@RecvTps
[2018-07-01 20:58:44] [__topology_master:2-BoltExecutors] WARN  c.a.jstorm.metric.AsmMetricRegistry [61]-> [] duplicate metric: CM@WordCountTopology-1-1530449923@__topology_master@0@@sys@RecvTps
[2018-07-01 20:58:44] [__topology_master:2-BoltExecutors] WARN  c.a.jstorm.metric.AsmMetricRegistry [61]-> [] duplicate metric: PM@WordCountTopology-1-1530449923@@0@sys@RecvTps
[2018-07-01 20:58:44] [__topology_master:2-BoltExecutors] WARN  c.a.jstorm.metric.AsmMetricRegistry [61]-> [] duplicate metric: TH@WordCountTopology-1-1530449923@__topology_master@2@@sys@TupleLifeCycle
[2018-07-01 20:58:44] [__topology_master:2-BoltExecutors] WARN  c.a.jstorm.metric.AsmMetricRegistry [61]-> [] duplicate metric: CH@WordCountTopology-1-1530449923@__topology_master@0@@sys@TupleLifeCycle
[2018-07-01 20:58:44] [__topology_master:2-BoltExecutors] WARN  c.a.jstorm.metric.AsmMetricRegistry [61]-> [] duplicate metric: CH@WordCountTopology-1-1530449923@__topology_master@0@@sys@TupleLifeCycle
[2018-07-01 20:58:44] [__topology_master:2-BoltExecutors] WARN  c.a.jstorm.metric.AsmMetricRegistry [61]-> [] duplicate metric: TM@WordCountTopology-1-1530449923@__topology_master@2@@sys@RecvTps
[2018-07-01 20:58:44] [__topology_master:2-BoltExecutors] WARN  c.a.jstorm.metric.AsmMetricRegistry [61]-> [] duplicate metric: CM@WordCountTopology-1-1530449923@__topology_master@0@@sys@RecvTps
[2018-07-01 20:58:44] [__topology_master:2-BoltExecutors] WARN  c.a.jstorm.metric.AsmMetricRegistry [61]-> [] duplicate metric: CM@WordCountTopology-1-1530449923@__topology_master@0@@sys@RecvTps
[2018-07-01 20:58:44] [__topology_master:2-BoltExecutors] WARN  c.a.jstorm.metric.AsmMetricRegistry [61]-> [] duplicate metric: PM@WordCountTopology-1-1530449923@@0@sys@RecvTps
[2018-07-01 20:58:44] [__topology_master:2-BoltExecutors] WARN  c.a.jstorm.metric.AsmMetricRegistry [61]-> [] duplicate metric: TH@WordCountTopology-1-1530449923@__topology_master@2@@sys@TupleLifeCycle
[2018-07-01 20:58:44] [__topology_master:2-BoltExecutors] WARN  c.a.jstorm.metric.AsmMetricRegistry [61]-> [] duplicate metric: CH@WordCountTopology-1-1530449923@__topology_master@0@@sys@TupleLifeCycle
[2018-07-01 20:58:44] [__topology_master:2-BoltExecutors] WARN  c.a.jstorm.metric.AsmMetricRegistry [61]-> [] duplicate metric: CH@WordCountTopology-1-1530449923@__topology_master@0@@sys@TupleLifeCycle
[2018-07-01 20:58:44] [__topology_master:2-BoltExecutors] WARN  c.a.jstorm.metric.AsmMetricRegistry [61]-> [] duplicate metric: TM@WordCountTopology-1-1530449923@__topology_master@2@@sys@RecvTps
[2018-07-01 20:58:44] [__topology_master:2-BoltExecutors] WARN  c.a.jstorm.metric.AsmMetricRegistry [61]-> [] duplicate metric: CM@WordCountTopology-1-1530449923@__topology_master@0@@sys@RecvTps
[2018-07-01 20:58:44] [__topology_master:2-BoltExecutors] WARN  c.a.jstorm.metric.AsmMetricRegistry [61]-> [] duplicate metric: CM@WordCountTopology-1-1530449923@__topology_master@0@@sys@RecvTps
[2018-07-01 20:58:44] [__topology_master:2-BoltExecutors] WARN  c.a.jstorm.metric.AsmMetricRegistry [61]-> [] duplicate metric: PM@WordCountTopology-1-1530449923@@0@sys@RecvTps
[2018-07-01 20:58:54] [pool-26-thread-5] WARN  c.a.jstorm.metric.AsmMetricRegistry [61]-> [] duplicate metric: TC@WordCountTopology-1-1530449923@word-reader@5@@sys@Emitted
[2018-07-01 20:58:54] [pool-26-thread-5] WARN  c.a.jstorm.metric.AsmMetricRegistry [61]-> [] duplicate metric: CC@WordCountTopology-1-1530449923@word-reader@0@@sys@Emitted
[2018-07-01 20:58:54] [pool-26-thread-5] WARN  c.a.jstorm.metric.AsmMetricRegistry [61]-> [] duplicate metric: PC@WordCountTopology-1-1530449923@@0@sys@Emitted
[2018-07-01 20:58:54] [pool-26-thread-5] WARN  c.a.jstorm.metric.AsmMetricRegistry [61]-> [] duplicate metric: TM@WordCountTopology-1-1530449923@word-reader@5@@sys@SendTps
[2018-07-01 20:58:54] [pool-26-thread-5] WARN  c.a.jstorm.metric.AsmMetricRegistry [61]-> [] duplicate metric: CM@WordCountTopology-1-1530449923@word-reader@0@@sys@SendTps
[2018-07-01 20:58:54] [pool-26-thread-5] WARN  c.a.jstorm.metric.AsmMetricRegistry [61]-> [] duplicate metric: PM@WordCountTopology-1-1530449923@@0@sys@SendTps
[2018-07-01 20:58:54] [pool-26-thread-5] WARN  c.a.jstorm.metric.AsmMetricRegistry [61]-> [] duplicate metric: TC@WordCountTopology-1-1530449923@word-reader@5@@sys@Emitted
[2018-07-01 20:58:54] [pool-26-thread-5] WARN  c.a.jstorm.metric.AsmMetricRegistry [61]-> [] duplicate metric: CC@WordCountTopology-1-1530449923@word-reader@0@@sys@Emitted
[2018-07-01 20:58:54] [pool-26-thread-5] WARN  c.a.jstorm.metric.AsmMetricRegistry [61]-> [] duplicate metric: PC@WordCountTopology-1-1530449923@@0@sys@Emitted
[2018-07-01 20:58:54] [pool-26-thread-5] WARN  c.a.jstorm.metric.AsmMetricRegistry [61]-> [] duplicate metric: TM@WordCountTopology-1-1530449923@word-reader@5@@sys@SendTps
[2018-07-01 20:58:54] [pool-26-thread-5] WARN  c.a.jstorm.metric.AsmMetricRegistry [61]-> [] duplicate metric: CM@WordCountTopology-1-1530449923@word-reader@0@@sys@SendTps
[2018-07-01 20:58:54] [pool-26-thread-5] WARN  c.a.jstorm.metric.AsmMetricRegistry [61]-> [] duplicate metric: PM@WordCountTopology-1-1530449923@@0@sys@SendTps
[2018-07-01 20:58:54] [word-normalizer:3-BoltExecutors] WARN  c.a.jstorm.metric.AsmMetricRegistry [61]-> [] duplicate metric: CH@WordCountTopology-1-1530449923@word-normalizer@0@@sys@TupleLifeCycle
[2018-07-01 20:58:54] [__acker:4-BoltExecutors] WARN  c.a.jstorm.metric.AsmMetricRegistry [61]-> [] duplicate metric: CH@WordCountTopology-1-1530449923@__acker@0@@sys@TupleLifeCycle
[2018-07-01 20:58:54] [__acker:4-BoltExecutors] WARN  c.a.jstorm.metric.AsmMetricRegistry [61]-> [] duplicate metric: PC@WordCountTopology-1-1530449923@@0@sys@Acked
[2018-07-01 20:58:54] [word-normalizer:3-BoltExecutors] WARN  c.a.jstorm.metric.AsmMetricRegistry [61]-> [] duplicate metric: PC@WordCountTopology-1-1530449923@@0@sys@Acked
[2018-07-01 20:58:54] [pool-26-thread-4] WARN  c.a.jstorm.metric.AsmMetricRegistry [61]-> [] duplicate metric: TC@WordCountTopology-1-1530449923@word-normalizer@3@@sys@Emitted
[2018-07-01 20:58:54] [__acker:4-BoltExecutors] WARN  c.a.jstorm.metric.AsmMetricRegistry [61]-> [] duplicate metric: CM@WordCountTopology-1-1530449923@__acker@0@@sys@RecvTps
[2018-07-01 20:58:54] [__acker:4-BoltExecutors] WARN  c.a.jstorm.metric.AsmMetricRegistry [61]-> [] duplicate metric: PM@WordCountTopology-1-1530449923@@0@sys@RecvTps
[2018-07-01 20:58:54] [pool-26-thread-4] WARN  c.a.jstorm.metric.AsmMetricRegistry [61]-> [] duplicate metric: CC@WordCountTopology-1-1530449923@word-normalizer@0@@sys@Emitted
[2018-07-01 20:58:54] [pool-26-thread-4] WARN  c.a.jstorm.metric.AsmMetricRegistry [61]-> [] duplicate metric: PC@WordCountTopology-1-1530449923@@0@sys@Emitted
[2018-07-01 20:58:54] [pool-26-thread-4] WARN  c.a.jstorm.metric.AsmMetricRegistry [61]-> [] duplicate metric: TM@WordCountTopology-1-1530449923@word-normalizer@3@@sys@SendTps
[2018-07-01 20:58:54] [pool-26-thread-4] WARN  c.a.jstorm.metric.AsmMetricRegistry [61]-> [] duplicate metric: CM@WordCountTopology-1-1530449923@word-normalizer@0@@sys@SendTps
[2018-07-01 20:58:54] [pool-26-thread-4] WARN  c.a.jstorm.metric.AsmMetricRegistry [61]-> [] duplicate metric: PM@WordCountTopology-1-1530449923@@0@sys@SendTps
[2018-07-01 20:58:54] [word-normalizer:3-BoltExecutors] WARN  c.a.jstorm.metric.AsmMetricRegistry [61]-> [] duplicate metric: CM@WordCountTopology-1-1530449923@word-normalizer@0@@sys@RecvTps
[2018-07-01 20:58:54] [word-normalizer:3-BoltExecutors] WARN  c.a.jstorm.metric.AsmMetricRegistry [61]-> [] duplicate metric: PM@WordCountTopology-1-1530449923@@0@sys@RecvTps
[2018-07-01 20:58:54] [pool-26-thread-5] WARN  c.a.jstorm.metric.AsmMetricRegistry [61]-> [] duplicate metric: TC@WordCountTopology-1-1530449923@word-normalizer@3@@sys@Emitted
[2018-07-01 20:58:54] [pool-26-thread-5] WARN  c.a.jstorm.metric.AsmMetricRegistry [61]-> [] duplicate metric: CC@WordCountTopology-1-1530449923@word-normalizer@0@@sys@Emitted
[2018-07-01 20:58:54] [pool-26-thread-5] WARN  c.a.jstorm.metric.AsmMetricRegistry [61]-> [] duplicate metric: PC@WordCountTopology-1-1530449923@@0@sys@Emitted
[2018-07-01 20:58:54] [pool-26-thread-5] WARN  c.a.jstorm.metric.AsmMetricRegistry [61]-> [] duplicate metric: TM@WordCountTopology-1-1530449923@word-normalizer@3@@sys@SendTps
[2018-07-01 20:58:54] [pool-26-thread-5] WARN  c.a.jstorm.metric.AsmMetricRegistry [61]-> [] duplicate metric: CM@WordCountTopology-1-1530449923@word-normalizer@0@@sys@SendTps
[2018-07-01 20:58:54] [pool-26-thread-5] WARN  c.a.jstorm.metric.AsmMetricRegistry [61]-> [] duplicate metric: PM@WordCountTopology-1-1530449923@@0@sys@SendTps
[2018-07-01 20:58:54] [word-counter:1-BoltExecutors] WARN  c.a.jstorm.metric.AsmMetricRegistry [61]-> [] duplicate metric: CH@WordCountTopology-1-1530449923@word-counter@0@@sys@TupleLifeCycle
[2018-07-01 20:58:54] [word-counter:1-BoltExecutors] WARN  c.a.jstorm.metric.AsmMetricRegistry [61]-> [] duplicate metric: PC@WordCountTopology-1-1530449923@@0@sys@Acked
[2018-07-01 20:58:54] [pool-26-thread-1] WARN  c.a.jstorm.metric.AsmMetricRegistry [61]-> [] duplicate metric: TC@WordCountTopology-1-1530449923@word-counter@1@@sys@Emitted
[2018-07-01 20:58:54] [pool-26-thread-1] WARN  c.a.jstorm.metric.AsmMetricRegistry [61]-> [] duplicate metric: CC@WordCountTopology-1-1530449923@word-counter@0@@sys@Emitted
[2018-07-01 20:58:54] [pool-26-thread-1] WARN  c.a.jstorm.metric.AsmMetricRegistry [61]-> [] duplicate metric: PC@WordCountTopology-1-1530449923@@0@sys@Emitted
[2018-07-01 20:58:54] [pool-26-thread-1] WARN  c.a.jstorm.metric.AsmMetricRegistry [61]-> [] duplicate metric: TM@WordCountTopology-1-1530449923@word-counter@1@@sys@SendTps
[2018-07-01 20:58:54] [pool-26-thread-1] WARN  c.a.jstorm.metric.AsmMetricRegistry [61]-> [] duplicate metric: CM@WordCountTopology-1-1530449923@word-counter@0@@sys@SendTps
[2018-07-01 20:58:54] [pool-26-thread-1] WARN  c.a.jstorm.metric.AsmMetricRegistry [61]-> [] duplicate metric: PM@WordCountTopology-1-1530449923@@0@sys@SendTps
[2018-07-01 20:58:54] [__acker:4-BoltExecutors] WARN  c.a.jstorm.metric.AsmMetricRegistry [61]-> [] duplicate metric: TH@WordCountTopology-1-1530449923@__acker@4@@sys@TupleLifeCycle
[2018-07-01 20:58:54] [word-counter:1-BoltExecutors] WARN  c.a.jstorm.metric.AsmMetricRegistry [61]-> [] duplicate metric: CM@WordCountTopology-1-1530449923@word-counter@0@@sys@RecvTps
[2018-07-01 20:58:54] [__acker:4-BoltExecutors] WARN  c.a.jstorm.metric.AsmMetricRegistry [61]-> [] duplicate metric: CH@WordCountTopology-1-1530449923@__acker@0@@sys@TupleLifeCycle
[2018-07-01 20:58:54] [word-counter:1-BoltExecutors] WARN  c.a.jstorm.metric.AsmMetricRegistry [61]-> [] duplicate metric: PM@WordCountTopology-1-1530449923@@0@sys@RecvTps
[2018-07-01 20:58:54] [__acker:4-BoltExecutors] WARN  c.a.jstorm.metric.AsmMetricRegistry [61]-> [] duplicate metric: CH@WordCountTopology-1-1530449923@__acker@0@@sys@TupleLifeCycle
[2018-07-01 20:58:54] [__acker:4-BoltExecutors] WARN  c.a.jstorm.metric.AsmMetricRegistry [61]-> [] duplicate metric: TC@WordCountTopology-1-1530449923@__acker@4@@sys@Acked
[2018-07-01 20:58:54] [__acker:4-BoltExecutors] WARN  c.a.jstorm.metric.AsmMetricRegistry [61]-> [] duplicate metric: CC@WordCountTopology-1-1530449923@__acker@0@@sys@Acked
[2018-07-01 20:58:54] [__acker:4-BoltExecutors] WARN  c.a.jstorm.metric.AsmMetricRegistry [61]-> [] duplicate metric: PC@WordCountTopology-1-1530449923@@0@sys@Acked
[2018-07-01 20:58:54] [__acker:4-BoltExecutors] WARN  c.a.jstorm.metric.AsmMetricRegistry [61]-> [] duplicate metric: TM@WordCountTopology-1-1530449923@__acker@4@@sys@RecvTps
[2018-07-01 20:58:54] [__acker:4-BoltExecutors] WARN  c.a.jstorm.metric.AsmMetricRegistry [61]-> [] duplicate metric: CM@WordCountTopology-1-1530449923@__acker@0@@sys@RecvTps
[2018-07-01 20:58:54] [__acker:4-BoltExecutors] WARN  c.a.jstorm.metric.AsmMetricRegistry [61]-> [] duplicate metric: CM@WordCountTopology-1-1530449923@__acker@0@@sys@RecvTps
[2018-07-01 20:58:54] [__acker:4-BoltExecutors] WARN  c.a.jstorm.metric.AsmMetricRegistry [61]-> [] duplicate metric: PM@WordCountTopology-1-1530449923@@0@sys@RecvTps
[2018-07-01 20:58:54] [__acker:4-BoltExecutors] WARN  c.a.jstorm.metric.AsmMetricRegistry [61]-> [] duplicate metric: TH@WordCountTopology-1-1530449923@__acker@4@@sys@TupleLifeCycle
[2018-07-01 20:58:54] [__acker:4-BoltExecutors] WARN  c.a.jstorm.metric.AsmMetricRegistry [61]-> [] duplicate metric: CH@WordCountTopology-1-1530449923@__acker@0@@sys@TupleLifeCycle
[2018-07-01 20:58:54] [__acker:4-BoltExecutors] WARN  c.a.jstorm.metric.AsmMetricRegistry [61]-> [] duplicate metric: CH@WordCountTopology-1-1530449923@__acker@0@@sys@TupleLifeCycle
[2018-07-01 20:58:54] [__acker:4-BoltExecutors] WARN  c.a.jstorm.metric.AsmMetricRegistry [61]-> [] duplicate metric: TM@WordCountTopology-1-1530449923@__acker@4@@sys@RecvTps
[2018-07-01 20:58:54] [__acker:4-BoltExecutors] WARN  c.a.jstorm.metric.AsmMetricRegistry [61]-> [] duplicate metric: CM@WordCountTopology-1-1530449923@__acker@0@@sys@RecvTps
[2018-07-01 20:58:54] [__acker:4-BoltExecutors] WARN  c.a.jstorm.metric.AsmMetricRegistry [61]-> [] duplicate metric: CM@WordCountTopology-1-1530449923@__acker@0@@sys@RecvTps
[2018-07-01 20:58:54] [__acker:4-BoltExecutors] WARN  c.a.jstorm.metric.AsmMetricRegistry [61]-> [] duplicate metric: PM@WordCountTopology-1-1530449923@@0@sys@RecvTps
[2018-07-01 20:58:54] [pool-26-thread-3] WARN  c.a.jstorm.metric.AsmMetricRegistry [61]-> [] duplicate metric: TC@WordCountTopology-1-1530449923@__acker@4@@sys@Emitted
[2018-07-01 20:58:54] [pool-26-thread-3] WARN  c.a.jstorm.metric.AsmMetricRegistry [61]-> [] duplicate metric: CC@WordCountTopology-1-1530449923@__acker@0@@sys@Emitted
[2018-07-01 20:58:54] [pool-26-thread-3] WARN  c.a.jstorm.metric.AsmMetricRegistry [61]-> [] duplicate metric: PC@WordCountTopology-1-1530449923@@0@sys@Emitted
[2018-07-01 20:58:54] [pool-26-thread-3] WARN  c.a.jstorm.metric.AsmMetricRegistry [61]-> [] duplicate metric: TM@WordCountTopology-1-1530449923@__acker@4@@sys@SendTps
[2018-07-01 20:58:54] [pool-26-thread-3] WARN  c.a.jstorm.metric.AsmMetricRegistry [61]-> [] duplicate metric: CM@WordCountTopology-1-1530449923@__acker@0@@sys@SendTps
[2018-07-01 20:58:54] [pool-26-thread-3] WARN  c.a.jstorm.metric.AsmMetricRegistry [61]-> [] duplicate metric: PM@WordCountTopology-1-1530449923@@0@sys@SendTps
[2018-07-01 20:58:54] [word-reader:5-AckerRunnable] WARN  c.a.jstorm.metric.AsmMetricRegistry [61]-> [] duplicate metric: CM@WordCountTopology-1-1530449923@word-reader@0@@sys@RecvTps
[2018-07-01 20:58:54] [word-reader:5-AckerRunnable] WARN  c.a.jstorm.metric.AsmMetricRegistry [61]-> [] duplicate metric: PM@WordCountTopology-1-1530449923@@0@sys@RecvTps
[2018-07-01 20:58:54] [word-reader:5-AckerRunnable] WARN  c.a.jstorm.metric.AsmMetricRegistry [61]-> [] duplicate metric: PC@WordCountTopology-1-1530449923@@0@sys@Acked
[2018-07-01 20:58:54] [word-reader:5-AckerRunnable] WARN  c.a.jstorm.metric.AsmMetricRegistry [61]-> [] duplicate metric: CH@WordCountTopology-1-1530449923@word-reader@0@@sys@TupleLifeCycle
[2018-07-01 20:59:00] [FlushMetricThread] WARN  c.a.jstorm.metric.JStormMetricsReporter [221]-> [] nimbus client is null...
[2018-07-01 20:59:00] [FlushMetricThread] WARN  c.a.jstorm.metric.JStormMetricsReporter [221]-> [] nimbus client is null...
[2018-07-01 20:59:00] [FlushMetricThread] WARN  c.a.jstorm.metric.AsmMetricRegistry [61]-> [] duplicate metric: TC@WordCountTopology-1-1530449923@word-counter@1@@sys@Emitted
[2018-07-01 20:59:00] [FlushMetricThread] WARN  c.a.jstorm.metric.AsmMetricRegistry [61]-> [] duplicate metric: CC@WordCountTopology-1-1530449923@word-counter@0@@sys@Emitted
[2018-07-01 20:59:00] [FlushMetricThread] WARN  c.a.jstorm.metric.AsmMetricRegistry [61]-> [] duplicate metric: PC@WordCountTopology-1-1530449923@@0@sys@Emitted
[2018-07-01 20:59:00] [FlushMetricThread] WARN  c.a.jstorm.metric.AsmMetricRegistry [61]-> [] duplicate metric: TM@WordCountTopology-1-1530449923@word-counter@1@@sys@SendTps
[2018-07-01 20:59:00] [FlushMetricThread] WARN  c.a.jstorm.metric.AsmMetricRegistry [61]-> [] duplicate metric: CM@WordCountTopology-1-1530449923@word-counter@0@@sys@SendTps
[2018-07-01 20:59:00] [FlushMetricThread] WARN  c.a.jstorm.metric.AsmMetricRegistry [61]-> [] duplicate metric: PM@WordCountTopology-1-1530449923@@0@sys@SendTps
[2018-07-01 20:59:00] [__topology_master:2-BoltExecutors] WARN  c.a.jstorm.metric.AsmMetricRegistry [61]-> [] duplicate metric: TH@WordCountTopology-1-1530449923@__topology_master@2@@sys@TupleLifeCycle
[2018-07-01 20:59:00] [__topology_master:2-BoltExecutors] WARN  c.a.jstorm.metric.AsmMetricRegistry [61]-> [] duplicate metric: CH@WordCountTopology-1-1530449923@__topology_master@0@@sys@TupleLifeCycle
[2018-07-01 20:59:00] [__topology_master:2-BoltExecutors] WARN  c.a.jstorm.metric.AsmMetricRegistry [61]-> [] duplicate metric: CH@WordCountTopology-1-1530449923@__topology_master@0@@sys@TupleLifeCycle
[2018-07-01 20:59:00] [__topology_master:2-BoltExecutors] WARN  c.a.jstorm.metric.AsmMetricRegistry [61]-> [] duplicate metric: TC@WordCountTopology-1-1530449923@__topology_master@2@@sys@Acked
[2018-07-01 20:59:00] [__topology_master:2-BoltExecutors] WARN  c.a.jstorm.metric.AsmMetricRegistry [61]-> [] duplicate metric: CC@WordCountTopology-1-1530449923@__topology_master@0@@sys@Acked
[2018-07-01 20:59:00] [__topology_master:2-BoltExecutors] WARN  c.a.jstorm.metric.AsmMetricRegistry [61]-> [] duplicate metric: PC@WordCountTopology-1-1530449923@@0@sys@Acked
[2018-07-01 20:59:00] [__topology_master:2-BoltExecutors] WARN  c.a.jstorm.metric.AsmMetricRegistry [61]-> [] duplicate metric: TM@WordCountTopology-1-1530449923@__topology_master@2@@sys@RecvTps
[2018-07-01 20:59:00] [__topology_master:2-BoltExecutors] WARN  c.a.jstorm.metric.AsmMetricRegistry [61]-> [] duplicate metric: CM@WordCountTopology-1-1530449923@__topology_master@0@@sys@RecvTps
[2018-07-01 20:59:00] [__topology_master:2-BoltExecutors] WARN  c.a.jstorm.metric.AsmMetricRegistry [61]-> [] duplicate metric: CM@WordCountTopology-1-1530449923@__topology_master@0@@sys@RecvTps
[2018-07-01 20:59:00] [__topology_master:2-BoltExecutors] WARN  c.a.jstorm.metric.AsmMetricRegistry [61]-> [] duplicate metric: PM@WordCountTopology-1-1530449923@@0@sys@RecvTps
[2018-07-01 20:59:24] [CheckMetricMetaThread] WARN  c.a.jstorm.metric.AsmMetricRegistry [61]-> [] duplicate metric: TC@WordCountTopology-1-1530449923@word-counter@1@@sys@Emitted
[2018-07-01 20:59:24] [CheckMetricMetaThread] WARN  c.a.jstorm.metric.AsmMetricRegistry [61]-> [] duplicate metric: CC@WordCountTopology-1-1530449923@word-counter@0@@sys@Emitted
[2018-07-01 20:59:24] [CheckMetricMetaThread] WARN  c.a.jstorm.metric.AsmMetricRegistry [61]-> [] duplicate metric: PC@WordCountTopology-1-1530449923@@0@sys@Emitted
[2018-07-01 20:59:24] [CheckMetricMetaThread] WARN  c.a.jstorm.metric.AsmMetricRegistry [61]-> [] duplicate metric: TM@WordCountTopology-1-1530449923@word-counter@1@@sys@SendTps
[2018-07-01 20:59:24] [CheckMetricMetaThread] WARN  c.a.jstorm.metric.AsmMetricRegistry [61]-> [] duplicate metric: CM@WordCountTopology-1-1530449923@word-counter@0@@sys@SendTps
[2018-07-01 20:59:24] [CheckMetricMetaThread] WARN  c.a.jstorm.metric.AsmMetricRegistry [61]-> [] duplicate metric: PM@WordCountTopology-1-1530449923@@0@sys@SendTps
[2018-07-01 20:59:24] [__topology_master:2-BoltExecutors] WARN  c.a.jstorm.metric.AsmMetricRegistry [61]-> [] duplicate metric: TH@WordCountTopology-1-1530449923@__topology_master@2@@sys@TupleLifeCycle
[2018-07-01 20:59:24] [__topology_master:2-BoltExecutors] WARN  c.a.jstorm.metric.AsmMetricRegistry [61]-> [] duplicate metric: CH@WordCountTopology-1-1530449923@__topology_master@0@@sys@TupleLifeCycle
[2018-07-01 20:59:24] [__topology_master:2-BoltExecutors] WARN  c.a.jstorm.metric.AsmMetricRegistry [61]-> [] duplicate metric: CH@WordCountTopology-1-1530449923@__topology_master@0@@sys@TupleLifeCycle
[2018-07-01 20:59:24] [__topology_master:2-BoltExecutors] WARN  c.a.jstorm.metric.AsmMetricRegistry [61]-> [] duplicate metric: TC@WordCountTopology-1-1530449923@__topology_master@2@@sys@Failed
[2018-07-01 20:59:24] [__topology_master:2-BoltExecutors] WARN  c.a.jstorm.metric.AsmMetricRegistry [61]-> [] duplicate metric: CC@WordCountTopology-1-1530449923@__topology_master@0@@sys@Failed
[2018-07-01 20:59:24] [__topology_master:2-BoltExecutors] WARN  c.a.jstorm.metric.AsmMetricRegistry [61]-> [] duplicate metric: PC@WordCountTopology-1-1530449923@@0@sys@Failed
[2018-07-01 20:59:24] [__topology_master:2-BoltExecutors] WARN  c.a.jstorm.metric.AsmMetricRegistry [61]-> [] duplicate metric: TM@WordCountTopology-1-1530449923@__topology_master@2@@sys@RecvTps
[2018-07-01 20:59:24] [__topology_master:2-BoltExecutors] WARN  c.a.jstorm.metric.AsmMetricRegistry [61]-> [] duplicate metric: CM@WordCountTopology-1-1530449923@__topology_master@0@@sys@RecvTps
[2018-07-01 20:59:24] [__topology_master:2-BoltExecutors] WARN  c.a.jstorm.metric.AsmMetricRegistry [61]-> [] duplicate metric: CM@WordCountTopology-1-1530449923@__topology_master@0@@sys@RecvTps
[2018-07-01 20:59:24] [__topology_master:2-BoltExecutors] WARN  c.a.jstorm.metric.AsmMetricRegistry [61]-> [] duplicate metric: PM@WordCountTopology-1-1530449923@@0@sys@RecvTps
[2018-07-01 21:00:16] [NIOServerCxn.Factory:0.0.0.0/0.0.0.0:2000] WARN  s.s.o.a.zookeeper.server.NIOServerCnxn [357]-> [] caught end of stream exception
shade.storm.org.apache.zookeeper.server.ServerCnxn$EndOfStreamException: Unable to read additional data from client sessionid 0x16455ec22020000, likely client has closed socket
	at shade.storm.org.apache.zookeeper.server.NIOServerCnxn.doIO(NIOServerCnxn.java:228) ~[jstorm-core-2.2.1.jar:na]
	at shade.storm.org.apache.zookeeper.server.NIOServerCnxnFactory.run(NIOServerCnxnFactory.java:208) [jstorm-core-2.2.1.jar:na]
	at java.lang.Thread.run(Thread.java:745) [na:1.8.0_111]
[2018-07-01 21:00:16] [NIOServerCxn.Factory:0.0.0.0/0.0.0.0:2000] WARN  s.s.o.a.zookeeper.server.NIOServerCnxn [357]-> [] caught end of stream exception
shade.storm.org.apache.zookeeper.server.ServerCnxn$EndOfStreamException: Unable to read additional data from client sessionid 0x16455ec22020002, likely client has closed socket
	at shade.storm.org.apache.zookeeper.server.NIOServerCnxn.doIO(NIOServerCnxn.java:228) ~[jstorm-core-2.2.1.jar:na]
	at shade.storm.org.apache.zookeeper.server.NIOServerCnxnFactory.run(NIOServerCnxnFactory.java:208) [jstorm-core-2.2.1.jar:na]
	at java.lang.Thread.run(Thread.java:745) [na:1.8.0_111]
[2018-07-01 21:00:19] [NIOServerCxn.Factory:0.0.0.0/0.0.0.0:2000] WARN  s.s.o.a.zookeeper.server.NIOServerCnxn [357]-> [] caught end of stream exception
shade.storm.org.apache.zookeeper.server.ServerCnxn$EndOfStreamException: Unable to read additional data from client sessionid 0x16455ec2202000a, likely client has closed socket
	at shade.storm.org.apache.zookeeper.server.NIOServerCnxn.doIO(NIOServerCnxn.java:228) ~[jstorm-core-2.2.1.jar:na]
	at shade.storm.org.apache.zookeeper.server.NIOServerCnxnFactory.run(NIOServerCnxnFactory.java:208) [jstorm-core-2.2.1.jar:na]
	at java.lang.Thread.run(Thread.java:745) [na:1.8.0_111]
[2018-07-01 21:00:21] [NIOServerCxn.Factory:0.0.0.0/0.0.0.0:2000] WARN  s.s.o.a.zookeeper.server.NIOServerCnxn [357]-> [] caught end of stream exception
shade.storm.org.apache.zookeeper.server.ServerCnxn$EndOfStreamException: Unable to read additional data from client sessionid 0x16455ec22020004, likely client has closed socket
	at shade.storm.org.apache.zookeeper.server.NIOServerCnxn.doIO(NIOServerCnxn.java:228) ~[jstorm-core-2.2.1.jar:na]
	at shade.storm.org.apache.zookeeper.server.NIOServerCnxnFactory.run(NIOServerCnxnFactory.java:208) [jstorm-core-2.2.1.jar:na]
	at java.lang.Thread.run(Thread.java:745) [na:1.8.0_111]
[2018-07-01 21:00:32] [main-EventThread] WARN  c.a.j.cluster.DistributedClusterState [84]-> [] Received event Disconnected:None:null with disconnected Zookeeper.
[2018-07-01 21:00:49] [main-EventThread] WARN  c.a.j.cluster.DistributedClusterState [84]-> [] Received event Disconnected:None:null with disconnected Zookeeper.
[2018-07-01 21:00:56] [NIOServerCxn.Factory:0.0.0.0/0.0.0.0:2000] WARN  s.s.o.a.zookeeper.server.NIOServerCnxn [357]-> [] caught end of stream exception
shade.storm.org.apache.zookeeper.server.ServerCnxn$EndOfStreamException: Unable to read additional data from client sessionid 0x0, likely client has closed socket
	at shade.storm.org.apache.zookeeper.server.NIOServerCnxn.doIO(NIOServerCnxn.java:228) ~[jstorm-core-2.2.1.jar:na]
	at shade.storm.org.apache.zookeeper.server.NIOServerCnxnFactory.run(NIOServerCnxnFactory.java:208) [jstorm-core-2.2.1.jar:na]
	at java.lang.Thread.run(Thread.java:745) [na:1.8.0_111]
[2018-07-01 21:00:58] [NIOServerCxn.Factory:0.0.0.0/0.0.0.0:2000] WARN  s.s.o.a.zookeeper.server.NIOServerCnxn [357]-> [] caught end of stream exception
shade.storm.org.apache.zookeeper.server.ServerCnxn$EndOfStreamException: Unable to read additional data from client sessionid 0x0, likely client has closed socket
	at shade.storm.org.apache.zookeeper.server.NIOServerCnxn.doIO(NIOServerCnxn.java:228) ~[jstorm-core-2.2.1.jar:na]
	at shade.storm.org.apache.zookeeper.server.NIOServerCnxnFactory.run(NIOServerCnxnFactory.java:208) [jstorm-core-2.2.1.jar:na]
	at java.lang.Thread.run(Thread.java:745) [na:1.8.0_111]
[2018-07-01 21:00:55] [SyncThread:0] WARN  s.s.o.a.z.server.persistence.FileTxnLog [334]-> [] fsync-ing the write ahead log in SyncThread:0 took 5125ms which will adversely effect operation latency. See the ZooKeeper troubleshooting guide
[2018-07-01 21:01:15] [NIOServerCxn.Factory:0.0.0.0/0.0.0.0:2000] WARN  s.s.o.a.zookeeper.server.NIOServerCnxn [357]-> [] caught end of stream exception
shade.storm.org.apache.zookeeper.server.ServerCnxn$EndOfStreamException: Unable to read additional data from client sessionid 0x0, likely client has closed socket
	at shade.storm.org.apache.zookeeper.server.NIOServerCnxn.doIO(NIOServerCnxn.java:228) ~[jstorm-core-2.2.1.jar:na]
	at shade.storm.org.apache.zookeeper.server.NIOServerCnxnFactory.run(NIOServerCnxnFactory.java:208) [jstorm-core-2.2.1.jar:na]
	at java.lang.Thread.run(Thread.java:745) [na:1.8.0_111]
[2018-07-01 21:01:14] [pool-8-thread-10] WARN  s.s.org.apache.curator.ConnectionState [192]-> [] Connection attempt unsuccessful after 41345 (greater than max timeout of 20000). Resetting connection and trying again with a new connection.
[2018-07-01 21:00:58] [EventManagerImp-EventThread] WARN  c.a.j.cluster.DistributedClusterState [84]-> [] Received event Disconnected:None:null with disconnected Zookeeper.
[2018-07-01 21:01:29] [CuratorFramework-0] WARN  s.s.org.apache.curator.ConnectionState [192]-> [] Connection attempt unsuccessful after 39189 (greater than max timeout of 20000). Resetting connection and trying again with a new connection.
[2018-07-01 21:01:29] [NIOServerCxn.Factory:0.0.0.0/0.0.0.0:2000] WARN  s.s.o.a.zookeeper.server.NIOServerCnxn [357]-> [] caught end of stream exception
shade.storm.org.apache.zookeeper.server.ServerCnxn$EndOfStreamException: Unable to read additional data from client sessionid 0x0, likely client has closed socket
	at shade.storm.org.apache.zookeeper.server.NIOServerCnxn.doIO(NIOServerCnxn.java:228) ~[jstorm-core-2.2.1.jar:na]
	at shade.storm.org.apache.zookeeper.server.NIOServerCnxnFactory.run(NIOServerCnxnFactory.java:208) [jstorm-core-2.2.1.jar:na]
	at java.lang.Thread.run(Thread.java:745) [na:1.8.0_111]
[2018-07-01 21:01:29] [NIOServerCxn.Factory:0.0.0.0/0.0.0.0:2000] WARN  s.s.o.a.zookeeper.server.NIOServerCnxn [357]-> [] caught end of stream exception
shade.storm.org.apache.zookeeper.server.ServerCnxn$EndOfStreamException: Unable to read additional data from client sessionid 0x0, likely client has closed socket
	at shade.storm.org.apache.zookeeper.server.NIOServerCnxn.doIO(NIOServerCnxn.java:228) ~[jstorm-core-2.2.1.jar:na]
	at shade.storm.org.apache.zookeeper.server.NIOServerCnxnFactory.run(NIOServerCnxnFactory.java:208) [jstorm-core-2.2.1.jar:na]
	at java.lang.Thread.run(Thread.java:745) [na:1.8.0_111]
[2018-07-01 21:01:29] [NIOServerCxn.Factory:0.0.0.0/0.0.0.0:2000] WARN  s.s.o.a.zookeeper.server.NIOServerCnxn [357]-> [] caught end of stream exception
shade.storm.org.apache.zookeeper.server.ServerCnxn$EndOfStreamException: Unable to read additional data from client sessionid 0x0, likely client has closed socket
	at shade.storm.org.apache.zookeeper.server.NIOServerCnxn.doIO(NIOServerCnxn.java:228) ~[jstorm-core-2.2.1.jar:na]
	at shade.storm.org.apache.zookeeper.server.NIOServerCnxnFactory.run(NIOServerCnxnFactory.java:208) [jstorm-core-2.2.1.jar:na]
	at java.lang.Thread.run(Thread.java:745) [na:1.8.0_111]
[2018-07-01 21:01:29] [main-EventThread] WARN  c.a.j.cluster.DistributedClusterState [84]-> [] Received event Expired:None:null with disconnected Zookeeper.
[2018-07-01 21:01:29] [main-EventThread] WARN  s.s.org.apache.curator.ConnectionState [289]-> [] Session expired event received
[2018-07-01 21:01:29] [EventManagerImp-EventThread] WARN  c.a.j.cluster.DistributedClusterState [84]-> [] Received event Expired:None:null with disconnected Zookeeper.
[2018-07-01 21:01:29] [EventManagerImp-EventThread] WARN  s.s.org.apache.curator.ConnectionState [289]-> [] Session expired event received
[2018-07-01 21:01:29] [RefreshActive] WARN  c.a.jstorm.daemon.worker.RefreshActive [78]-> [] Failed to get StormBase from ZK of WordCountTopology-1-1530449923
[2018-07-01 21:01:30] [CuratorFramework-0] WARN  s.s.org.apache.curator.ConnectionState [192]-> [] Connection attempt unsuccessful after 64496 (greater than max timeout of 20000). Resetting connection and trying again with a new connection.
[2018-07-01 21:01:32] [NIOServerCxn.Factory:0.0.0.0/0.0.0.0:2000] WARN  s.s.o.a.zookeeper.server.NIOServerCnxn [357]-> [] caught end of stream exception
shade.storm.org.apache.zookeeper.server.ServerCnxn$EndOfStreamException: Unable to read additional data from client sessionid 0x16455ec2202000c, likely client has closed socket
	at shade.storm.org.apache.zookeeper.server.NIOServerCnxn.doIO(NIOServerCnxn.java:228) ~[jstorm-core-2.2.1.jar:na]
	at shade.storm.org.apache.zookeeper.server.NIOServerCnxnFactory.run(NIOServerCnxnFactory.java:208) [jstorm-core-2.2.1.jar:na]
	at java.lang.Thread.run(Thread.java:745) [na:1.8.0_111]
[2018-07-01 21:03:25] [server-boss-1] WARN  c.a.jstorm.metric.AsmMetricRegistry [61]-> [] duplicate metric: WH@WordCountTopology-1-1530450203@192.168.79.1@6900@sys@MsgDecodeTime
[2018-07-01 21:03:35] [pool-15-thread-1] WARN  c.a.jstorm.metric.AsmMetricRegistry [61]-> [] duplicate metric: TC@WordCountTopology-1-1530450203@word-reader@4@@sys@Emitted
[2018-07-01 21:03:35] [pool-15-thread-3] WARN  c.a.jstorm.metric.AsmMetricRegistry [61]-> [] duplicate metric: PC@WordCountTopology-1-1530450203@@0@sys@Emitted
[2018-07-01 21:03:35] [pool-15-thread-1] WARN  c.a.jstorm.metric.AsmMetricRegistry [61]-> [] duplicate metric: CC@WordCountTopology-1-1530450203@word-reader@0@@sys@Emitted
[2018-07-01 21:03:35] [pool-15-thread-1] WARN  c.a.jstorm.metric.AsmMetricRegistry [61]-> [] duplicate metric: PC@WordCountTopology-1-1530450203@@0@sys@Emitted
[2018-07-01 21:03:35] [pool-15-thread-1] WARN  c.a.jstorm.metric.AsmMetricRegistry [61]-> [] duplicate metric: TM@WordCountTopology-1-1530450203@word-reader@4@@sys@SendTps
[2018-07-01 21:03:35] [pool-15-thread-1] WARN  c.a.jstorm.metric.AsmMetricRegistry [61]-> [] duplicate metric: CM@WordCountTopology-1-1530450203@word-reader@0@@sys@SendTps
[2018-07-01 21:03:35] [pool-15-thread-1] WARN  c.a.jstorm.metric.AsmMetricRegistry [61]-> [] duplicate metric: PM@WordCountTopology-1-1530450203@@0@sys@SendTps
[2018-07-01 21:03:35] [__acker:3-BoltExecutors] WARN  c.a.jstorm.metric.AsmMetricRegistry [61]-> [] duplicate metric: PM@WordCountTopology-1-1530450203@@0@sys@RecvTps
[2018-07-01 21:03:35] [pool-15-thread-3] WARN  c.a.jstorm.metric.AsmMetricRegistry [61]-> [] duplicate metric: PM@WordCountTopology-1-1530450203@@0@sys@SendTps
[2018-07-01 21:03:35] [__acker:3-BoltExecutors] WARN  c.a.jstorm.metric.AsmMetricRegistry [61]-> [] duplicate metric: PC@WordCountTopology-1-1530450203@@0@sys@Acked
[2018-07-01 21:03:35] [word-counter:1-BoltExecutors] WARN  c.a.jstorm.metric.AsmMetricRegistry [61]-> [] duplicate metric: PM@WordCountTopology-1-1530450203@@0@sys@RecvTps
[2018-07-01 21:03:35] [word-counter:1-BoltExecutors] WARN  c.a.jstorm.metric.AsmMetricRegistry [61]-> [] duplicate metric: PC@WordCountTopology-1-1530450203@@0@sys@Acked
[2018-07-01 21:03:35] [pool-15-thread-3] WARN  c.a.jstorm.metric.AsmMetricRegistry [61]-> [] duplicate metric: TC@WordCountTopology-1-1530450203@word-normalizer@2@@sys@Emitted
[2018-07-01 21:03:35] [pool-15-thread-3] WARN  c.a.jstorm.metric.AsmMetricRegistry [61]-> [] duplicate metric: CC@WordCountTopology-1-1530450203@word-normalizer@0@@sys@Emitted
[2018-07-01 21:03:35] [pool-15-thread-4] WARN  c.a.jstorm.metric.AsmMetricRegistry [61]-> [] duplicate metric: PC@WordCountTopology-1-1530450203@@0@sys@Emitted
[2018-07-01 21:03:35] [pool-15-thread-3] WARN  c.a.jstorm.metric.AsmMetricRegistry [61]-> [] duplicate metric: PC@WordCountTopology-1-1530450203@@0@sys@Emitted
[2018-07-01 21:03:35] [pool-15-thread-3] WARN  c.a.jstorm.metric.AsmMetricRegistry [61]-> [] duplicate metric: TM@WordCountTopology-1-1530450203@word-normalizer@2@@sys@SendTps
[2018-07-01 21:03:35] [pool-15-thread-3] WARN  c.a.jstorm.metric.AsmMetricRegistry [61]-> [] duplicate metric: CM@WordCountTopology-1-1530450203@word-normalizer@0@@sys@SendTps
[2018-07-01 21:03:35] [pool-15-thread-3] WARN  c.a.jstorm.metric.AsmMetricRegistry [61]-> [] duplicate metric: PM@WordCountTopology-1-1530450203@@0@sys@SendTps
[2018-07-01 21:03:35] [pool-15-thread-4] WARN  c.a.jstorm.metric.AsmMetricRegistry [61]-> [] duplicate metric: PM@WordCountTopology-1-1530450203@@0@sys@SendTps
[2018-07-01 21:03:35] [__acker:3-BoltExecutors] WARN  c.a.jstorm.metric.AsmMetricRegistry [61]-> [] duplicate metric: CM@WordCountTopology-1-1530450203@__acker@0@@sys@RecvTps
[2018-07-01 21:03:35] [__acker:3-BoltExecutors] WARN  c.a.jstorm.metric.AsmMetricRegistry [61]-> [] duplicate metric: PM@WordCountTopology-1-1530450203@@0@sys@RecvTps
[2018-07-01 21:03:35] [__acker:3-BoltExecutors] WARN  c.a.jstorm.metric.AsmMetricRegistry [61]-> [] duplicate metric: TC@WordCountTopology-1-1530450203@__acker@3@@sys@Acked
[2018-07-01 21:03:35] [__acker:3-BoltExecutors] WARN  c.a.jstorm.metric.AsmMetricRegistry [61]-> [] duplicate metric: CC@WordCountTopology-1-1530450203@__acker@0@@sys@Acked
[2018-07-01 21:03:35] [__acker:3-BoltExecutors] WARN  c.a.jstorm.metric.AsmMetricRegistry [61]-> [] duplicate metric: PC@WordCountTopology-1-1530450203@@0@sys@Acked
[2018-07-01 21:03:35] [__acker:3-BoltExecutors] WARN  c.a.jstorm.metric.AsmMetricRegistry [61]-> [] duplicate metric: TH@WordCountTopology-1-1530450203@__acker@3@@sys@ProcessLatency
[2018-07-01 21:03:35] [__acker:3-BoltExecutors] WARN  c.a.jstorm.metric.AsmMetricRegistry [61]-> [] duplicate metric: CH@WordCountTopology-1-1530450203@__acker@0@@sys@ProcessLatency
[2018-07-01 21:03:35] [__acker:3-BoltExecutors] WARN  c.a.jstorm.metric.AsmMetricRegistry [61]-> [] duplicate metric: CH@WordCountTopology-1-1530450203@__acker@0@@sys@TupleLifeCycle
[2018-07-01 21:03:35] [__acker:3-BoltExecutors] WARN  c.a.jstorm.metric.AsmMetricRegistry [61]-> [] duplicate metric: CM@WordCountTopology-1-1530450203@__acker@0@@sys@RecvTps
[2018-07-01 21:03:35] [__acker:3-BoltExecutors] WARN  c.a.jstorm.metric.AsmMetricRegistry [61]-> [] duplicate metric: PM@WordCountTopology-1-1530450203@@0@sys@RecvTps
[2018-07-01 21:03:35] [__acker:3-BoltExecutors] WARN  c.a.jstorm.metric.AsmMetricRegistry [61]-> [] duplicate metric: CH@WordCountTopology-1-1530450203@__acker@0@@sys@TupleLifeCycle
[2018-07-01 21:03:35] [pool-15-thread-2] WARN  c.a.jstorm.metric.AsmMetricRegistry [61]-> [] duplicate metric: PC@WordCountTopology-1-1530450203@@0@sys@Emitted
[2018-07-01 21:03:35] [pool-15-thread-2] WARN  c.a.jstorm.metric.AsmMetricRegistry [61]-> [] duplicate metric: PM@WordCountTopology-1-1530450203@@0@sys@SendTps
[2018-07-01 21:03:35] [word-reader:4-AckerRunnable] WARN  c.a.jstorm.metric.AsmMetricRegistry [61]-> [] duplicate metric: PM@WordCountTopology-1-1530450203@@0@sys@RecvTps
[2018-07-01 21:03:35] [word-reader:4-AckerRunnable] WARN  c.a.jstorm.metric.AsmMetricRegistry [61]-> [] duplicate metric: PC@WordCountTopology-1-1530450203@@0@sys@Acked
[2018-07-01 21:04:03] [ReconnectRunnable] WARN  c.a.jstorm.metric.AsmMetricRegistry [61]-> [] duplicate metric: WH@WordCountTopology-1-1530450203@192.168.79.1@6900@sys@MsgDecodeTime
[2018-07-01 21:04:04] [ReconnectRunnable] WARN  c.a.jstorm.metric.AsmMetricRegistry [61]-> [] duplicate metric: WH@WordCountTopology-1-1530450203@192.168.79.1@6900@sys@MsgDecodeTime
[2018-07-01 21:04:05] [ReconnectRunnable] WARN  c.a.jstorm.metric.AsmMetricRegistry [61]-> [] duplicate metric: WH@WordCountTopology-1-1530450203@192.168.79.1@6900@sys@MsgDecodeTime
